

Started GET "/" for 127.0.0.1 at 2015-06-25 17:09:46 -0400

Mysql2::Error (Access denied for user 'edsaccess'@'localhost' (using password: YES)):
  mysql2 (0.3.18) lib/mysql2/client.rb:70:in `connect'
  mysql2 (0.3.18) lib/mysql2/client.rb:70:in `initialize'
  activerecord (4.1.10) lib/active_record/connection_adapters/mysql2_adapter.rb:18:in `new'
  activerecord (4.1.10) lib/active_record/connection_adapters/mysql2_adapter.rb:18:in `mysql2_connection'
  activerecord (4.1.10) lib/active_record/connection_adapters/abstract/connection_pool.rb:435:in `new_connection'
  activerecord (4.1.10) lib/active_record/connection_adapters/abstract/connection_pool.rb:445:in `checkout_new_connection'
  activerecord (4.1.10) lib/active_record/connection_adapters/abstract/connection_pool.rb:416:in `acquire_connection'
  activerecord (4.1.10) lib/active_record/connection_adapters/abstract/connection_pool.rb:351:in `block in checkout'
  /home/stoebelj/.rbenv/versions/2.1.5/lib/ruby/2.1.0/monitor.rb:211:in `mon_synchronize'
  activerecord (4.1.10) lib/active_record/connection_adapters/abstract/connection_pool.rb:350:in `checkout'
  activerecord (4.1.10) lib/active_record/connection_adapters/abstract/connection_pool.rb:265:in `block in connection'
  /home/stoebelj/.rbenv/versions/2.1.5/lib/ruby/2.1.0/monitor.rb:211:in `mon_synchronize'
  activerecord (4.1.10) lib/active_record/connection_adapters/abstract/connection_pool.rb:264:in `connection'
  activerecord (4.1.10) lib/active_record/connection_adapters/abstract/connection_pool.rb:541:in `retrieve_connection'
  activerecord (4.1.10) lib/active_record/connection_handling.rb:113:in `retrieve_connection'
  activerecord (4.1.10) lib/active_record/connection_handling.rb:87:in `connection'
  activerecord (4.1.10) lib/active_record/query_cache.rb:51:in `restore_query_cache_settings'
  activerecord (4.1.10) lib/active_record/query_cache.rb:43:in `rescue in call'
  activerecord (4.1.10) lib/active_record/query_cache.rb:32:in `call'
  activerecord (4.1.10) lib/active_record/connection_adapters/abstract/connection_pool.rb:621:in `call'
  activerecord (4.1.10) lib/active_record/migration.rb:380:in `call'
  actionpack (4.1.10) lib/action_dispatch/middleware/callbacks.rb:29:in `block in call'
  activesupport (4.1.10) lib/active_support/callbacks.rb:82:in `run_callbacks'
  actionpack (4.1.10) lib/action_dispatch/middleware/callbacks.rb:27:in `call'
  actionpack (4.1.10) lib/action_dispatch/middleware/reloader.rb:73:in `call'
  actionpack (4.1.10) lib/action_dispatch/middleware/remote_ip.rb:76:in `call'
  actionpack (4.1.10) lib/action_dispatch/middleware/debug_exceptions.rb:17:in `call'
  actionpack (4.1.10) lib/action_dispatch/middleware/show_exceptions.rb:30:in `call'
  railties (4.1.10) lib/rails/rack/logger.rb:38:in `call_app'
  railties (4.1.10) lib/rails/rack/logger.rb:20:in `block in call'
  activesupport (4.1.10) lib/active_support/tagged_logging.rb:68:in `block in tagged'
  activesupport (4.1.10) lib/active_support/tagged_logging.rb:26:in `tagged'
  activesupport (4.1.10) lib/active_support/tagged_logging.rb:68:in `tagged'
  railties (4.1.10) lib/rails/rack/logger.rb:20:in `call'
  actionpack (4.1.10) lib/action_dispatch/middleware/request_id.rb:21:in `call'
  rack (1.5.5) lib/rack/methodoverride.rb:21:in `call'
  rack (1.5.5) lib/rack/runtime.rb:17:in `call'
  activesupport (4.1.10) lib/active_support/cache/strategy/local_cache_middleware.rb:26:in `call'
  rack (1.5.5) lib/rack/lock.rb:17:in `call'
  actionpack (4.1.10) lib/action_dispatch/middleware/static.rb:84:in `call'
  rack (1.5.5) lib/rack/sendfile.rb:112:in `call'
  railties (4.1.10) lib/rails/engine.rb:514:in `call'
  railties (4.1.10) lib/rails/application.rb:144:in `call'
  rack (1.5.5) lib/rack/lock.rb:17:in `call'
  rack (1.5.5) lib/rack/content_length.rb:14:in `call'
  rack (1.5.5) lib/rack/handler/webrick.rb:60:in `service'
  /home/stoebelj/.rbenv/versions/2.1.5/lib/ruby/2.1.0/webrick/httpserver.rb:138:in `service'
  /home/stoebelj/.rbenv/versions/2.1.5/lib/ruby/2.1.0/webrick/httpserver.rb:94:in `run'
  /home/stoebelj/.rbenv/versions/2.1.5/lib/ruby/2.1.0/webrick/server.rb:295:in `block in start_thread'


  Rendered /home/stoebelj/.rbenv/versions/2.1.5/lib/ruby/gems/2.1.0/gems/actionpack-4.1.10/lib/action_dispatch/middleware/templates/rescues/_source.erb (1.0ms)
  Rendered /home/stoebelj/.rbenv/versions/2.1.5/lib/ruby/gems/2.1.0/gems/actionpack-4.1.10/lib/action_dispatch/middleware/templates/rescues/_trace.html.erb (2.3ms)
  Rendered /home/stoebelj/.rbenv/versions/2.1.5/lib/ruby/gems/2.1.0/gems/actionpack-4.1.10/lib/action_dispatch/middleware/templates/rescues/_request_and_response.html.erb (1.5ms)
  Rendered /home/stoebelj/.rbenv/versions/2.1.5/lib/ruby/gems/2.1.0/gems/actionpack-4.1.10/lib/action_dispatch/middleware/templates/rescues/diagnostics.erb within rescues/layout (37.8ms)


Started GET "/" for 127.0.0.1 at 2015-06-25 17:23:40 -0400

ActiveRecord::NoDatabaseError (Unknown database 'eds_development'Run `$ bin/rake db:create db:migrate` to create your database):
  activerecord (4.1.10) lib/active_record/connection_adapters/mysql2_adapter.rb:23:in `rescue in mysql2_connection'
  activerecord (4.1.10) lib/active_record/connection_adapters/mysql2_adapter.rb:10:in `mysql2_connection'
  activerecord (4.1.10) lib/active_record/connection_adapters/abstract/connection_pool.rb:435:in `new_connection'
  activerecord (4.1.10) lib/active_record/connection_adapters/abstract/connection_pool.rb:445:in `checkout_new_connection'
  activerecord (4.1.10) lib/active_record/connection_adapters/abstract/connection_pool.rb:416:in `acquire_connection'
  activerecord (4.1.10) lib/active_record/connection_adapters/abstract/connection_pool.rb:351:in `block in checkout'
  /home/stoebelj/.rbenv/versions/2.1.5/lib/ruby/2.1.0/monitor.rb:211:in `mon_synchronize'
  activerecord (4.1.10) lib/active_record/connection_adapters/abstract/connection_pool.rb:350:in `checkout'
  activerecord (4.1.10) lib/active_record/connection_adapters/abstract/connection_pool.rb:265:in `block in connection'
  /home/stoebelj/.rbenv/versions/2.1.5/lib/ruby/2.1.0/monitor.rb:211:in `mon_synchronize'
  activerecord (4.1.10) lib/active_record/connection_adapters/abstract/connection_pool.rb:264:in `connection'
  activerecord (4.1.10) lib/active_record/connection_adapters/abstract/connection_pool.rb:541:in `retrieve_connection'
  activerecord (4.1.10) lib/active_record/connection_handling.rb:113:in `retrieve_connection'
  activerecord (4.1.10) lib/active_record/connection_handling.rb:87:in `connection'
  activerecord (4.1.10) lib/active_record/query_cache.rb:51:in `restore_query_cache_settings'
  activerecord (4.1.10) lib/active_record/query_cache.rb:43:in `rescue in call'
  activerecord (4.1.10) lib/active_record/query_cache.rb:32:in `call'
  activerecord (4.1.10) lib/active_record/connection_adapters/abstract/connection_pool.rb:621:in `call'
  activerecord (4.1.10) lib/active_record/migration.rb:380:in `call'
  actionpack (4.1.10) lib/action_dispatch/middleware/callbacks.rb:29:in `block in call'
  activesupport (4.1.10) lib/active_support/callbacks.rb:82:in `run_callbacks'
  actionpack (4.1.10) lib/action_dispatch/middleware/callbacks.rb:27:in `call'
  actionpack (4.1.10) lib/action_dispatch/middleware/reloader.rb:73:in `call'
  actionpack (4.1.10) lib/action_dispatch/middleware/remote_ip.rb:76:in `call'
  actionpack (4.1.10) lib/action_dispatch/middleware/debug_exceptions.rb:17:in `call'
  actionpack (4.1.10) lib/action_dispatch/middleware/show_exceptions.rb:30:in `call'
  railties (4.1.10) lib/rails/rack/logger.rb:38:in `call_app'
  railties (4.1.10) lib/rails/rack/logger.rb:20:in `block in call'
  activesupport (4.1.10) lib/active_support/tagged_logging.rb:68:in `block in tagged'
  activesupport (4.1.10) lib/active_support/tagged_logging.rb:26:in `tagged'
  activesupport (4.1.10) lib/active_support/tagged_logging.rb:68:in `tagged'
  railties (4.1.10) lib/rails/rack/logger.rb:20:in `call'
  actionpack (4.1.10) lib/action_dispatch/middleware/request_id.rb:21:in `call'
  rack (1.5.5) lib/rack/methodoverride.rb:21:in `call'
  rack (1.5.5) lib/rack/runtime.rb:17:in `call'
  activesupport (4.1.10) lib/active_support/cache/strategy/local_cache_middleware.rb:26:in `call'
  rack (1.5.5) lib/rack/lock.rb:17:in `call'
  actionpack (4.1.10) lib/action_dispatch/middleware/static.rb:84:in `call'
  rack (1.5.5) lib/rack/sendfile.rb:112:in `call'
  railties (4.1.10) lib/rails/engine.rb:514:in `call'
  railties (4.1.10) lib/rails/application.rb:144:in `call'
  rack (1.5.5) lib/rack/lock.rb:17:in `call'
  rack (1.5.5) lib/rack/content_length.rb:14:in `call'
  rack (1.5.5) lib/rack/handler/webrick.rb:60:in `service'
  /home/stoebelj/.rbenv/versions/2.1.5/lib/ruby/2.1.0/webrick/httpserver.rb:138:in `service'
  /home/stoebelj/.rbenv/versions/2.1.5/lib/ruby/2.1.0/webrick/httpserver.rb:94:in `run'
  /home/stoebelj/.rbenv/versions/2.1.5/lib/ruby/2.1.0/webrick/server.rb:295:in `block in start_thread'


  Rendered /home/stoebelj/.rbenv/versions/2.1.5/lib/ruby/gems/2.1.0/gems/actionpack-4.1.10/lib/action_dispatch/middleware/templates/rescues/_source.erb (0.7ms)
  Rendered /home/stoebelj/.rbenv/versions/2.1.5/lib/ruby/gems/2.1.0/gems/actionpack-4.1.10/lib/action_dispatch/middleware/templates/rescues/_trace.html.erb (0.9ms)
  Rendered /home/stoebelj/.rbenv/versions/2.1.5/lib/ruby/gems/2.1.0/gems/actionpack-4.1.10/lib/action_dispatch/middleware/templates/rescues/_request_and_response.html.erb (0.9ms)
  Rendered /home/stoebelj/.rbenv/versions/2.1.5/lib/ruby/gems/2.1.0/gems/actionpack-4.1.10/lib/action_dispatch/middleware/templates/rescues/diagnostics.erb within rescues/layout (13.4ms)


Started GET "/" for 127.0.0.1 at 2015-06-25 17:24:27 -0400
Processing by Rails::WelcomeController#index as HTML
  Rendered /home/stoebelj/.rbenv/versions/2.1.5/lib/ruby/gems/2.1.0/gems/railties-4.1.10/lib/rails/templates/rails/welcome/index.html.erb (3.3ms)
Completed 200 OK in 44ms (Views: 17.7ms | ActiveRecord: 0.0ms)
  [1m[36mActiveRecord::SchemaMigration Load (0.2ms)[0m  [1mSELECT `schema_migrations`.* FROM `schema_migrations`[0m
  [1m[36mStudent Load (0.7ms)[0m  [1mSELECT `students`.* FROM `students`[0m
Mysql2::Error: Table 'eds.students' doesn't exist: SELECT `students`.* FROM `students`


Started GET "/" for 127.0.0.1 at 2015-07-16 10:26:22 -0400

ActiveRecord::PendingMigrationError (

Migrations are pending. To resolve this issue, run:

	bin/rake db:migrate RAILS_ENV=development

):
  activerecord (4.1.10) lib/active_record/migration.rb:389:in `check_pending!'
  activerecord (4.1.10) lib/active_record/migration.rb:377:in `call'
  actionpack (4.1.10) lib/action_dispatch/middleware/callbacks.rb:29:in `block in call'
  activesupport (4.1.10) lib/active_support/callbacks.rb:82:in `run_callbacks'
  actionpack (4.1.10) lib/action_dispatch/middleware/callbacks.rb:27:in `call'
  actionpack (4.1.10) lib/action_dispatch/middleware/reloader.rb:73:in `call'
  actionpack (4.1.10) lib/action_dispatch/middleware/remote_ip.rb:76:in `call'
  actionpack (4.1.10) lib/action_dispatch/middleware/debug_exceptions.rb:17:in `call'
  actionpack (4.1.10) lib/action_dispatch/middleware/show_exceptions.rb:30:in `call'
  railties (4.1.10) lib/rails/rack/logger.rb:38:in `call_app'
  railties (4.1.10) lib/rails/rack/logger.rb:20:in `block in call'
  activesupport (4.1.10) lib/active_support/tagged_logging.rb:68:in `block in tagged'
  activesupport (4.1.10) lib/active_support/tagged_logging.rb:26:in `tagged'
  activesupport (4.1.10) lib/active_support/tagged_logging.rb:68:in `tagged'
  railties (4.1.10) lib/rails/rack/logger.rb:20:in `call'
  actionpack (4.1.10) lib/action_dispatch/middleware/request_id.rb:21:in `call'
  rack (1.5.5) lib/rack/methodoverride.rb:21:in `call'
  rack (1.5.5) lib/rack/runtime.rb:17:in `call'
  activesupport (4.1.10) lib/active_support/cache/strategy/local_cache_middleware.rb:26:in `call'
  rack (1.5.5) lib/rack/lock.rb:17:in `call'
  actionpack (4.1.10) lib/action_dispatch/middleware/static.rb:84:in `call'
  rack (1.5.5) lib/rack/sendfile.rb:112:in `call'
  railties (4.1.10) lib/rails/engine.rb:514:in `call'
  railties (4.1.10) lib/rails/application.rb:144:in `call'
  rack (1.5.5) lib/rack/lock.rb:17:in `call'
  rack (1.5.5) lib/rack/content_length.rb:14:in `call'
  rack (1.5.5) lib/rack/handler/webrick.rb:60:in `service'
  /home/stoebelj/.rbenv/versions/2.1.6/lib/ruby/2.1.0/webrick/httpserver.rb:138:in `service'
  /home/stoebelj/.rbenv/versions/2.1.6/lib/ruby/2.1.0/webrick/httpserver.rb:94:in `run'
  /home/stoebelj/.rbenv/versions/2.1.6/lib/ruby/2.1.0/webrick/server.rb:295:in `block in start_thread'


  Rendered /home/stoebelj/.rbenv/versions/2.1.6/lib/ruby/gems/2.1.0/gems/actionpack-4.1.10/lib/action_dispatch/middleware/templates/rescues/_source.erb (0.6ms)
  Rendered /home/stoebelj/.rbenv/versions/2.1.6/lib/ruby/gems/2.1.0/gems/actionpack-4.1.10/lib/action_dispatch/middleware/templates/rescues/_trace.html.erb (1.0ms)
  Rendered /home/stoebelj/.rbenv/versions/2.1.6/lib/ruby/gems/2.1.0/gems/actionpack-4.1.10/lib/action_dispatch/middleware/templates/rescues/_request_and_response.html.erb (1.2ms)
  Rendered /home/stoebelj/.rbenv/versions/2.1.6/lib/ruby/gems/2.1.0/gems/actionpack-4.1.10/lib/action_dispatch/middleware/templates/rescues/diagnostics.erb within rescues/layout (35.7ms)
  [1m[36m (236.3ms)[0m  [1mCREATE TABLE `schema_migrations` (`version` varchar(255) NOT NULL) ENGINE=InnoDB[0m
  [1m[35m (290.0ms)[0m  CREATE UNIQUE INDEX `unique_schema_migrations`  ON `schema_migrations` (`version`) 
  [1m[36mActiveRecord::SchemaMigration Load (0.5ms)[0m  [1mSELECT `schema_migrations`.* FROM `schema_migrations`[0m
Migrating to CreateStudents (20150715133214)
  [1m[35m (0.8ms)[0m  CREATE TABLE `students` (`id` int(11) auto_increment PRIMARY KEY, `created_at` datetime, `updated_at` datetime) ENGINE=InnoDB
Mysql2::Error: Table 'students' already exists: CREATE TABLE `students` (`id` int(11) auto_increment PRIMARY KEY, `created_at` datetime, `updated_at` datetime) ENGINE=InnoDB
  [1m[36mActiveRecord::SchemaMigration Load (0.1ms)[0m  [1mSELECT `schema_migrations`.* FROM `schema_migrations`[0m
Migrating to CreateStudents (20150715133214)
  [1m[35m (0.1ms)[0m  BEGIN
  [1m[36mSQL (0.3ms)[0m  [1mINSERT INTO `schema_migrations` (`version`) VALUES ('20150715133214')[0m
  [1m[35m (111.5ms)[0m  COMMIT
  [1m[36mActiveRecord::SchemaMigration Load (0.4ms)[0m  [1mSELECT `schema_migrations`.* FROM `schema_migrations`[0m


Started GET "/" for 127.0.0.1 at 2015-07-16 10:30:11 -0400
  [1m[36mActiveRecord::SchemaMigration Load (0.1ms)[0m  [1mSELECT `schema_migrations`.* FROM `schema_migrations`[0m
Processing by Rails::WelcomeController#index as HTML
  Rendered /home/stoebelj/.rbenv/versions/2.1.6/lib/ruby/gems/2.1.0/gems/railties-4.1.10/lib/rails/templates/rails/welcome/index.html.erb (1.3ms)
Completed 200 OK in 52ms (Views: 30.5ms | ActiveRecord: 0.0ms)
  [1m[36mActiveRecord::SchemaMigration Load (0.2ms)[0m  [1mSELECT `schema_migrations`.* FROM `schema_migrations`[0m
  [1m[36mStudent Load (3.1ms)[0m  [1mSELECT `students`.* FROM `students`[0m
  [1m[35m (29.9ms)[0m  SELECT COUNT(*) FROM `students`
  [1m[36mProgram Load (0.3ms)[0m  [1mSELECT `programs`.* FROM `programs`[0m
  [1m[36mBannerUpdate Load (0.4ms)[0m  [1mSELECT `banner_updates`.* FROM `banner_updates`[0m
  [1m[36mPraxisPrep Load (1.3ms)[0m  [1mSELECT `praxis_prep`.* FROM `praxis_prep`[0m
  [1m[35m (0.6ms)[0m  SELECT COUNT(*) FROM `praxis_prep`
  [1m[36mUser Load (0.4ms)[0m  [1mSELECT `users`.* FROM `users`[0m
  [1m[36mTepAdvisor Load (0.5ms)[0m  [1mSELECT `tep_advisors`.* FROM `tep_advisors`[0m
  [1m[36mTEPAdvisor Load (0.2ms)[0m  [1mSELECT `tep_advisors`.* FROM `tep_advisors`[0m
  [1m[36mPraxisPrep Load (0.3ms)[0m  [1mSELECT `praxis_prep`.* FROM `praxis_prep`[0m
  [1m[35mPraxisUpdate Load (0.6ms)[0m  SELECT `praxis_updates`.* FROM `praxis_updates`
  [1m[36mPraxisTest Load (1.2ms)[0m  [1mSELECT `praxis_tests`.* FROM `praxis_tests`[0m
  [1m[35mPraxisSubtestResult Load (20.4ms)[0m  SELECT `praxis_subtest_results`.* FROM `praxis_subtest_results`
  [1m[36mPraxisResult Load (5.4ms)[0m  [1mSELECT `praxis_results`.* FROM `praxis_results`[0m
  [1m[35mProgram Load (0.4ms)[0m  SELECT `programs`.* FROM `programs`
  [1m[36mBannerUpdate Load (0.4ms)[0m  [1mSELECT `banner_updates`.* FROM `banner_updates`[0m
  [1m[35mStudent Load (0.5ms)[0m  SELECT `students`.* FROM `students`
  [1m[36mBannerTerm Load (1.5ms)[0m  [1mSELECT `banner_terms`.* FROM `banner_terms`[0m
  [1m[36mStudent Load (0.4ms)[0m  [1mSELECT `students`.* FROM `students`[0m
  [1m[36mExitCode Load (0.6ms)[0m  [1mSELECT `exit_codes`.* FROM `exit_codes`[0m
  [1m[36mStudent Load (0.2ms)[0m  [1mSELECT `students`.* FROM `students`[0m
  [1m[36mFOI Load (0.6ms)[0m  [1mSELECT `forms_of_intention`.* FROM `forms_of_intention`[0m
  [1m[36mFOI Load (0.1ms)[0m  [1mSELECT `forms_of_intention`.* FROM `forms_of_intention`[0m
  [1m[35mUser Load (0.4ms)[0m  SELECT `users`.* FROM `users`
  [1m[36mTEPAdvisor Load (0.3ms)[0m  [1mSELECT `tep_advisors`.* FROM `tep_advisors`[0m
  [1m[35mClinicalAssignment Load (0.7ms)[0m  SELECT `clinical_assignments`.* FROM `clinical_assignments`
  [1m[36mClinicalTeacher Load (0.6ms)[0m  [1mSELECT `clinical_teachers`.* FROM `clinical_teachers`[0m
  [1m[35mClinicalSite Load (0.6ms)[0m  SELECT `clinical_sites`.* FROM `clinical_sites`
  [1m[36mAdmST Load (0.9ms)[0m  [1mSELECT `adm_st`.* FROM `adm_st`[0m
  [1m[35mAdmST Load (0.5ms)[0m  SELECT `adm_st`.* FROM `adm_st`
  [1m[36m (1.0ms)[0m  [1mSELECT COUNT(*) FROM `adm_st`[0m
  [1m[35mExitCode Load (0.3ms)[0m  SELECT `exit_codes`.* FROM `exit_codes`
  [1m[36mEmployment Load (0.6ms)[0m  [1mSELECT `employment`.* FROM `employment`[0m
  [1m[35mAlumniInfo Load (0.6ms)[0m  SELECT `alumni_info`.* FROM `alumni_info`
  [1m[36mProgExit Load (1.6ms)[0m  [1mSELECT `prog_exits`.* FROM `prog_exits`[0m


Started GET "/" for 127.0.0.1 at 2015-07-16 11:30:21 -0400
  [1m[36mActiveRecord::SchemaMigration Load (0.1ms)[0m  [1mSELECT `schema_migrations`.* FROM `schema_migrations`[0m

ActiveRecord::PendingMigrationError (

Migrations are pending. To resolve this issue, run:

	bin/rake db:migrate RAILS_ENV=development

):
  activerecord (4.1.10) lib/active_record/migration.rb:389:in `check_pending!'
  activerecord (4.1.10) lib/active_record/migration.rb:377:in `call'
  actionpack (4.1.10) lib/action_dispatch/middleware/callbacks.rb:29:in `block in call'
  activesupport (4.1.10) lib/active_support/callbacks.rb:82:in `run_callbacks'
  actionpack (4.1.10) lib/action_dispatch/middleware/callbacks.rb:27:in `call'
  actionpack (4.1.10) lib/action_dispatch/middleware/reloader.rb:73:in `call'
  actionpack (4.1.10) lib/action_dispatch/middleware/remote_ip.rb:76:in `call'
  actionpack (4.1.10) lib/action_dispatch/middleware/debug_exceptions.rb:17:in `call'
  actionpack (4.1.10) lib/action_dispatch/middleware/show_exceptions.rb:30:in `call'
  railties (4.1.10) lib/rails/rack/logger.rb:38:in `call_app'
  railties (4.1.10) lib/rails/rack/logger.rb:20:in `block in call'
  activesupport (4.1.10) lib/active_support/tagged_logging.rb:68:in `block in tagged'
  activesupport (4.1.10) lib/active_support/tagged_logging.rb:26:in `tagged'
  activesupport (4.1.10) lib/active_support/tagged_logging.rb:68:in `tagged'
  railties (4.1.10) lib/rails/rack/logger.rb:20:in `call'
  actionpack (4.1.10) lib/action_dispatch/middleware/request_id.rb:21:in `call'
  rack (1.5.5) lib/rack/methodoverride.rb:21:in `call'
  rack (1.5.5) lib/rack/runtime.rb:17:in `call'
  activesupport (4.1.10) lib/active_support/cache/strategy/local_cache_middleware.rb:26:in `call'
  rack (1.5.5) lib/rack/lock.rb:17:in `call'
  actionpack (4.1.10) lib/action_dispatch/middleware/static.rb:84:in `call'
  rack (1.5.5) lib/rack/sendfile.rb:112:in `call'
  railties (4.1.10) lib/rails/engine.rb:514:in `call'
  railties (4.1.10) lib/rails/application.rb:144:in `call'
  rack (1.5.5) lib/rack/lock.rb:17:in `call'
  rack (1.5.5) lib/rack/content_length.rb:14:in `call'
  rack (1.5.5) lib/rack/handler/webrick.rb:60:in `service'
  /home/stoebelj/.rbenv/versions/2.1.6/lib/ruby/2.1.0/webrick/httpserver.rb:138:in `service'
  /home/stoebelj/.rbenv/versions/2.1.6/lib/ruby/2.1.0/webrick/httpserver.rb:94:in `run'
  /home/stoebelj/.rbenv/versions/2.1.6/lib/ruby/2.1.0/webrick/server.rb:295:in `block in start_thread'


  Rendered /home/stoebelj/.rbenv/versions/2.1.6/lib/ruby/gems/2.1.0/gems/actionpack-4.1.10/lib/action_dispatch/middleware/templates/rescues/_source.erb (0.5ms)
  Rendered /home/stoebelj/.rbenv/versions/2.1.6/lib/ruby/gems/2.1.0/gems/actionpack-4.1.10/lib/action_dispatch/middleware/templates/rescues/_trace.html.erb (0.9ms)
  Rendered /home/stoebelj/.rbenv/versions/2.1.6/lib/ruby/gems/2.1.0/gems/actionpack-4.1.10/lib/action_dispatch/middleware/templates/rescues/_request_and_response.html.erb (0.8ms)
  Rendered /home/stoebelj/.rbenv/versions/2.1.6/lib/ruby/gems/2.1.0/gems/actionpack-4.1.10/lib/action_dispatch/middleware/templates/rescues/diagnostics.erb within rescues/layout (13.2ms)
  [1m[36m (0.4ms)[0m  [1mSELECT version FROM schema_migrations[0m
  [1m[36mActiveRecord::SchemaMigration Load (0.2ms)[0m  [1mSELECT `schema_migrations`.* FROM `schema_migrations`[0m
Migrating to CreatePrograms (20150716143701)
  [1m[35m (0.4ms)[0m  CREATE TABLE `programs` (`id` int(11) auto_increment PRIMARY KEY, `created_at` datetime, `updated_at` datetime) ENGINE=InnoDB
Mysql2::Error: Table 'programs' already exists: CREATE TABLE `programs` (`id` int(11) auto_increment PRIMARY KEY, `created_at` datetime, `updated_at` datetime) ENGINE=InnoDB
  [1m[36mActiveRecord::SchemaMigration Load (0.2ms)[0m  [1mSELECT `schema_migrations`.* FROM `schema_migrations`[0m
Migrating to CreatePrograms (20150716143701)
  [1m[35m (0.2ms)[0m  BEGIN
  [1m[36mSQL (0.4ms)[0m  [1mINSERT INTO `schema_migrations` (`version`) VALUES ('20150716143701')[0m
  [1m[35m (63.4ms)[0m  COMMIT
Migrating to CreateBannerUpdates (20150716143802)
  [1m[36m (0.3ms)[0m  [1mBEGIN[0m
  [1m[35mSQL (0.4ms)[0m  INSERT INTO `schema_migrations` (`version`) VALUES ('20150716143802')
  [1m[36m (52.3ms)[0m  [1mCOMMIT[0m
Migrating to CreateBannerTerms (20150716143840)
  [1m[35m (0.2ms)[0m  BEGIN
  [1m[36mSQL (0.3ms)[0m  [1mINSERT INTO `schema_migrations` (`version`) VALUES ('20150716143840')[0m
  [1m[35m (52.6ms)[0m  COMMIT
Migrating to CreatePraxisResults (20150716143850)
  [1m[36m (0.1ms)[0m  [1mBEGIN[0m
  [1m[35mSQL (0.3ms)[0m  INSERT INTO `schema_migrations` (`version`) VALUES ('20150716143850')
  [1m[36m (53.8ms)[0m  [1mCOMMIT[0m
Migrating to CreatePraxisTests (20150716143901)
  [1m[35m (0.3ms)[0m  BEGIN
  [1m[36mSQL (0.3ms)[0m  [1mINSERT INTO `schema_migrations` (`version`) VALUES ('20150716143901')[0m
  [1m[35m (54.0ms)[0m  COMMIT
Migrating to CreatePraxisUpdates (20150716143911)
  [1m[36m (0.2ms)[0m  [1mBEGIN[0m
  [1m[35mSQL (0.3ms)[0m  INSERT INTO `schema_migrations` (`version`) VALUES ('20150716143911')
  [1m[36m (53.7ms)[0m  [1mCOMMIT[0m
Migrating to CreatePraxisSubtestResults (20150716143923)
  [1m[35m (0.1ms)[0m  BEGIN
  [1m[36mSQL (0.3ms)[0m  [1mINSERT INTO `schema_migrations` (`version`) VALUES ('20150716143923')[0m
  [1m[35m (54.2ms)[0m  COMMIT
Migrating to CreatePraxisPreps (20150716143931)
  [1m[36m (0.1ms)[0m  [1mBEGIN[0m
  [1m[35mSQL (0.3ms)[0m  INSERT INTO `schema_migrations` (`version`) VALUES ('20150716143931')
  [1m[36m (54.2ms)[0m  [1mCOMMIT[0m
Migrating to CreateAdmTeps (20150716144340)
  [1m[35m (0.1ms)[0m  BEGIN
  [1m[36mSQL (0.2ms)[0m  [1mINSERT INTO `schema_migrations` (`version`) VALUES ('20150716144340')[0m
  [1m[35m (53.8ms)[0m  COMMIT
Migrating to CreateUsers (20150716144936)
  [1m[36m (0.2ms)[0m  [1mBEGIN[0m
  [1m[35mSQL (0.4ms)[0m  INSERT INTO `schema_migrations` (`version`) VALUES ('20150716144936')
  [1m[36m (73.9ms)[0m  [1mCOMMIT[0m
Migrating to CreateTepAdvisors (20150716145014)
  [1m[35m (0.3ms)[0m  BEGIN
  [1m[36mSQL (0.6ms)[0m  [1mINSERT INTO `schema_migrations` (`version`) VALUES ('20150716145014')[0m
  [1m[35m (97.9ms)[0m  COMMIT
Migrating to CreateClinicalAssignments (20150716145436)
  [1m[36m (0.2ms)[0m  [1mBEGIN[0m
  [1m[35mSQL (0.5ms)[0m  INSERT INTO `schema_migrations` (`version`) VALUES ('20150716145436')
  [1m[36m (96.9ms)[0m  [1mCOMMIT[0m
  [1m[35mActiveRecord::SchemaMigration Load (0.7ms)[0m  SELECT `schema_migrations`.* FROM `schema_migrations`


Started GET "/" for 127.0.0.1 at 2015-07-16 11:40:50 -0400
  [1m[36mActiveRecord::SchemaMigration Load (0.1ms)[0m  [1mSELECT `schema_migrations`.* FROM `schema_migrations`[0m
Processing by Rails::WelcomeController#index as HTML
  Rendered /home/stoebelj/.rbenv/versions/2.1.6/lib/ruby/gems/2.1.0/gems/railties-4.1.10/lib/rails/templates/rails/welcome/index.html.erb (2.1ms)
Completed 200 OK in 18ms (Views: 7.8ms | ActiveRecord: 0.0ms)


Started GET "/students" for 127.0.0.1 at 2015-07-16 13:11:55 -0400
  [1m[36mActiveRecord::SchemaMigration Load (0.2ms)[0m  [1mSELECT `schema_migrations`.* FROM `schema_migrations`[0m
Processing by StudentsController#index as HTML
  Rendered students/index.html.erb (1.1ms)
Completed 200 OK in 39ms (Views: 24.8ms | ActiveRecord: 0.0ms)


Started GET "/students" for 127.0.0.1 at 2015-07-16 13:12:04 -0400
Processing by StudentsController#index as HTML
  Rendered students/index.html.erb (0.0ms)
Completed 200 OK in 1ms (Views: 0.9ms | ActiveRecord: 0.0ms)


Started GET "/students" for 127.0.0.1 at 2015-07-16 13:12:21 -0400
Processing by StudentsController#index as HTML
  Rendered students/index.html.erb (0.1ms)
Completed 200 OK in 3ms (Views: 1.0ms | ActiveRecord: 0.0ms)


Started GET "/s" for 127.0.0.1 at 2015-07-16 13:12:25 -0400

ActionController::RoutingError (No route matches [GET] "/s"):
  actionpack (4.1.10) lib/action_dispatch/middleware/debug_exceptions.rb:21:in `call'
  actionpack (4.1.10) lib/action_dispatch/middleware/show_exceptions.rb:30:in `call'
  railties (4.1.10) lib/rails/rack/logger.rb:38:in `call_app'
  railties (4.1.10) lib/rails/rack/logger.rb:20:in `block in call'
  activesupport (4.1.10) lib/active_support/tagged_logging.rb:68:in `block in tagged'
  activesupport (4.1.10) lib/active_support/tagged_logging.rb:26:in `tagged'
  activesupport (4.1.10) lib/active_support/tagged_logging.rb:68:in `tagged'
  railties (4.1.10) lib/rails/rack/logger.rb:20:in `call'
  actionpack (4.1.10) lib/action_dispatch/middleware/request_id.rb:21:in `call'
  rack (1.5.5) lib/rack/methodoverride.rb:21:in `call'
  rack (1.5.5) lib/rack/runtime.rb:17:in `call'
  activesupport (4.1.10) lib/active_support/cache/strategy/local_cache_middleware.rb:26:in `call'
  rack (1.5.5) lib/rack/lock.rb:17:in `call'
  actionpack (4.1.10) lib/action_dispatch/middleware/static.rb:84:in `call'
  rack (1.5.5) lib/rack/sendfile.rb:112:in `call'
  railties (4.1.10) lib/rails/engine.rb:514:in `call'
  railties (4.1.10) lib/rails/application.rb:144:in `call'
  rack (1.5.5) lib/rack/lock.rb:17:in `call'
  rack (1.5.5) lib/rack/content_length.rb:14:in `call'
  rack (1.5.5) lib/rack/handler/webrick.rb:60:in `service'
  /home/stoebelj/.rbenv/versions/2.1.6/lib/ruby/2.1.0/webrick/httpserver.rb:138:in `service'
  /home/stoebelj/.rbenv/versions/2.1.6/lib/ruby/2.1.0/webrick/httpserver.rb:94:in `run'
  /home/stoebelj/.rbenv/versions/2.1.6/lib/ruby/2.1.0/webrick/server.rb:295:in `block in start_thread'


  Rendered /home/stoebelj/.rbenv/versions/2.1.6/lib/ruby/gems/2.1.0/gems/actionpack-4.1.10/lib/action_dispatch/middleware/templates/rescues/_trace.html.erb (1.3ms)
  Rendered /home/stoebelj/.rbenv/versions/2.1.6/lib/ruby/gems/2.1.0/gems/actionpack-4.1.10/lib/action_dispatch/middleware/templates/routes/_route.html.erb (1.7ms)
  Rendered /home/stoebelj/.rbenv/versions/2.1.6/lib/ruby/gems/2.1.0/gems/actionpack-4.1.10/lib/action_dispatch/middleware/templates/routes/_table.html.erb (40.5ms)
  Rendered /home/stoebelj/.rbenv/versions/2.1.6/lib/ruby/gems/2.1.0/gems/actionpack-4.1.10/lib/action_dispatch/middleware/templates/rescues/routing_error.html.erb within rescues/layout (102.3ms)


Started GET "/students" for 127.0.0.1 at 2015-07-16 13:12:27 -0400
Processing by StudentsController#index as HTML
  Rendered students/index.html.erb (0.1ms)
Completed 200 OK in 2ms (Views: 1.1ms | ActiveRecord: 0.0ms)


Started GET "/students" for 127.0.0.1 at 2015-07-16 13:23:42 -0400
Processing by StudentsController#index as HTML
  Rendered students/index.html.erb (34.5ms)
Completed 500 Internal Server Error in 37ms (ActiveRecord: 0.0ms)

ActionView::Template::Error (No route matches {:action=>"index", :controller=>"access"}):
    1: <% @page_title = "Students" %>
    2: 
    3:   <!-- back link <%= link_to("<< Back to Home", {:controller => 'access', :action => 'index'}, :class => 'back-link') %> -->
    4: 
    5: <div class="students index">
    6:   <h2>Students</h2>
  app/views/students/index.html.erb:3:in `_app_views_students_index_html_erb__3500263224300269882_70044898560880'


  Rendered /home/stoebelj/.rbenv/versions/2.1.6/lib/ruby/gems/2.1.0/gems/actionpack-4.1.10/lib/action_dispatch/middleware/templates/rescues/_trace.html.erb (1.5ms)
  Rendered /home/stoebelj/.rbenv/versions/2.1.6/lib/ruby/gems/2.1.0/gems/actionpack-4.1.10/lib/action_dispatch/middleware/templates/rescues/_request_and_response.html.erb (1.3ms)
  Rendered /home/stoebelj/.rbenv/versions/2.1.6/lib/ruby/gems/2.1.0/gems/actionpack-4.1.10/lib/action_dispatch/middleware/templates/rescues/template_error.html.erb within rescues/layout (20.3ms)


Started GET "/students" for 127.0.0.1 at 2015-07-16 13:24:05 -0400
Processing by StudentsController#index as HTML
  Rendered students/index.html.erb (1.2ms)
Completed 500 Internal Server Error in 2ms (ActiveRecord: 0.0ms)

SyntaxError (/home/stoebelj/Sites/eds_dashboard/app/views/students/index.html.erb:5: syntax error, unexpected '<'
<div class="students index">
 ^
/home/stoebelj/Sites/eds_dashboard/app/views/students/index.html.erb:6: syntax error, unexpected '<'
  <h2>Students</h2>
   ^
/home/stoebelj/Sites/eds_dashboard/app/views/students/index.html.erb:8: unknown regexp options - dv
/home/stoebelj/Sites/eds_dashboard/app/views/students/index.html.erb:10: syntax error, unexpected '<'
  <table class="listing" summary="Student list">
   ^
/home/stoebelj/Sites/eds_dashboard/app/views/students/index.html.erb:10: syntax error, unexpected tIDENTIFIER, expecting ')'
  <table class="listing" summary="Student list">
                                ^
/home/stoebelj/Sites/eds_dashboard/app/views/students/index.html.erb:11: syntax error, unexpected '<'
    <tr class="header">
     ^
/home/stoebelj/Sites/eds_dashboard/app/views/students/index.html.erb:12: syntax error, unexpected '<'
      <th>Bnum</th>
       ^
/home/stoebelj/Sites/eds_dashboard/app/views/students/index.html.erb:13: unknown regexp options - th
/home/stoebelj/Sites/eds_dashboard/app/views/students/index.html.erb:14: syntax error, unexpected '<'
      <th>Middle Name</th>
       ^
/home/stoebelj/Sites/eds_dashboard/app/views/students/index.html.erb:14: syntax error, unexpected tCONSTANT, expecting keyword_do or '{' or '('
      <th>Middle Name</th>
                     ^
/home/stoebelj/Sites/eds_dashboard/app/views/students/index.html.erb:15: unknown regexp options - th
/home/stoebelj/Sites/eds_dashboard/app/views/students/index.html.erb:16: syntax error, unexpected '<'
      <th>Program Status</th>
       ^
/home/stoebelj/Sites/eds_dashboard/app/views/students/index.html.erb:16: syntax error, unexpected tCONSTANT, expecting keyword_do or '{' or '('
      <th>Program Status</th>
                        ^
/home/stoebelj/Sites/eds_dashboard/app/views/students/index.html.erb:17: unknown regexp options - tr
/home/stoebelj/Sites/eds_dashboard/app/views/students/index.html.erb:19: syntax error, unexpected keyword_class, expecting keyword_do or '{' or '('
...ffer.safe_append='    <tr class "'.freeze;@output_buffer.app...
...                               ^
/home/stoebelj/Sites/eds_dashboard/app/views/students/index.html.erb:19: syntax error, unexpected '>', expecting :: or '[' or '.'
/home/stoebelj/Sites/eds_dashboard/app/views/students/index.html.erb:21: unknown regexp options - td
/home/stoebelj/Sites/eds_dashboard/app/views/students/index.html.erb:22: syntax error, unexpected '<'
	  <td>'.freeze;@output_buffer.ap...
	   ^
/home/stoebelj/Sites/eds_dashboard/app/views/students/index.html.erb:23: unknown regexp options - td
/home/stoebelj/Sites/eds_dashboard/app/views/students/index.html.erb:26: syntax error, unexpected '<'
<!-- example of action buttons...
 ^
/home/stoebelj/Sites/eds_dashboard/app/views/students/index.html.erb:26: syntax error, unexpected tIDENTIFIER, expecting keyword_do or '{' or '('
<!-- example of action buttons to do more wi...
               ^
/home/stoebelj/Sites/eds_dashboard/app/views/students/index.html.erb:26: syntax error, unexpected '\n', expecting keyword_do_LAMBDA or tLAMBEG
/home/stoebelj/Sites/eds_dashboard/app/views/students/index.html.erb:27: syntax error, unexpected tIDENTIFIER, expecting keyword_end
...nk_to("Show", {:action => 'show', :id => subject.id}, :class...
...                               ^
/home/stoebelj/Sites/eds_dashboard/app/views/students/index.html.erb:27: syntax error, unexpected tIDENTIFIER, expecting keyword_end
... subject.id}, :class => 'action show') );@output_buffer.safe...
...                               ^
/home/stoebelj/Sites/eds_dashboard/app/views/students/index.html.erb:29: syntax error, unexpected tIDENTIFIER, expecting keyword_end
... Pages", {:controller => 'pages', :subject_id => subject.id}...
...                               ^
/home/stoebelj/Sites/eds_dashboard/app/views/students/index.html.erb:29: syntax error, unexpected tIDENTIFIER, expecting keyword_end
... subject.id}, :class => 'action show') );@output_buffer.safe...
...                               ^
/home/stoebelj/Sites/eds_dashboard/app/views/students/index.html.erb:31: syntax error, unexpected tIDENTIFIER, expecting keyword_end
...nk_to("Edit", {:action => 'edit', :id => subject.id}, :class...
...                               ^
/home/stoebelj/Sites/eds_dashboard/app/views/students/index.html.erb:31: syntax error, unexpected tIDENTIFIER, expecting keyword_end
... subject.id}, :class => 'action edit') );@output_buffer.safe...
...                               ^
/home/stoebelj/Sites/eds_dashboard/app/views/students/index.html.erb:32: syntax error, unexpected tIDENTIFIER, expecting keyword_end
...o("Delete", {:action => 'delete', :id => subject.id}, :class...
...                               ^
/home/stoebelj/Sites/eds_dashboard/app/views/students/index.html.erb:32: syntax error, unexpected tIDENTIFIER, expecting keyword_end
... subject.id}, :class => 'action delete') );@output_buffer.sa...
...                               ^
/home/stoebelj/Sites/eds_dashboard/app/views/students/index.html.erb:32: syntax error, unexpected '\n', expecting keyword_do_LAMBDA or tLAMBEG
/home/stoebelj/Sites/eds_dashboard/app/views/students/index.html.erb:34: unknown regexp options - tr
/home/stoebelj/Sites/eds_dashboard/app/views/students/index.html.erb:37: unknown regexp options - dv
/home/stoebelj/Sites/eds_dashboard/app/views/students/index.html.erb:37: unterminated string meets end of file
/home/stoebelj/Sites/eds_dashboard/app/views/students/index.html.erb:37: syntax error, unexpected end-of-input, expecting keyword_end):
  app/views/students/index.html.erb:5: syntax error, unexpected '<'
  app/views/students/index.html.erb:6: syntax error, unexpected '<'
  app/views/students/index.html.erb:8: unknown regexp options - dv
  app/views/students/index.html.erb:10: syntax error, unexpected '<'
  app/views/students/index.html.erb:10: syntax error, unexpected tIDENTIFIER, expecting ')'
  app/views/students/index.html.erb:11: syntax error, unexpected '<'
  app/views/students/index.html.erb:12: syntax error, unexpected '<'
  app/views/students/index.html.erb:13: unknown regexp options - th
  app/views/students/index.html.erb:14: syntax error, unexpected '<'
  app/views/students/index.html.erb:14: syntax error, unexpected tCONSTANT, expecting keyword_do or '{' or '('
  app/views/students/index.html.erb:15: unknown regexp options - th
  app/views/students/index.html.erb:16: syntax error, unexpected '<'
  app/views/students/index.html.erb:16: syntax error, unexpected tCONSTANT, expecting keyword_do or '{' or '('
  app/views/students/index.html.erb:17: unknown regexp options - tr
  app/views/students/index.html.erb:19: syntax error, unexpected keyword_class, expecting keyword_do or '{' or '('
  app/views/students/index.html.erb:19: syntax error, unexpected '>', expecting :: or '[' or '.'
  app/views/students/index.html.erb:21: unknown regexp options - td
  app/views/students/index.html.erb:22: syntax error, unexpected '<'
  app/views/students/index.html.erb:23: unknown regexp options - td
  app/views/students/index.html.erb:26: syntax error, unexpected '<'
  app/views/students/index.html.erb:26: syntax error, unexpected tIDENTIFIER, expecting keyword_do or '{' or '('
  app/views/students/index.html.erb:26: syntax error, unexpected '\n', expecting keyword_do_LAMBDA or tLAMBEG
  app/views/students/index.html.erb:27: syntax error, unexpected tIDENTIFIER, expecting keyword_end
  app/views/students/index.html.erb:27: syntax error, unexpected tIDENTIFIER, expecting keyword_end
  app/views/students/index.html.erb:29: syntax error, unexpected tIDENTIFIER, expecting keyword_end
  app/views/students/index.html.erb:29: syntax error, unexpected tIDENTIFIER, expecting keyword_end
  app/views/students/index.html.erb:31: syntax error, unexpected tIDENTIFIER, expecting keyword_end
  app/views/students/index.html.erb:31: syntax error, unexpected tIDENTIFIER, expecting keyword_end
  app/views/students/index.html.erb:32: syntax error, unexpected tIDENTIFIER, expecting keyword_end
  app/views/students/index.html.erb:32: syntax error, unexpected tIDENTIFIER, expecting keyword_end
  app/views/students/index.html.erb:32: syntax error, unexpected '\n', expecting keyword_do_LAMBDA or tLAMBEG
  app/views/students/index.html.erb:34: unknown regexp options - tr
  app/views/students/index.html.erb:37: unknown regexp options - dv
  app/views/students/index.html.erb:37: unterminated string meets end of file
  app/views/students/index.html.erb:37: syntax error, unexpected end-of-input, expecting keyword_end


  Rendered /home/stoebelj/.rbenv/versions/2.1.6/lib/ruby/gems/2.1.0/gems/actionpack-4.1.10/lib/action_dispatch/middleware/templates/rescues/_source.erb (2.5ms)
  Rendered /home/stoebelj/.rbenv/versions/2.1.6/lib/ruby/gems/2.1.0/gems/actionpack-4.1.10/lib/action_dispatch/middleware/templates/rescues/_trace.html.erb (9.9ms)
  Rendered /home/stoebelj/.rbenv/versions/2.1.6/lib/ruby/gems/2.1.0/gems/actionpack-4.1.10/lib/action_dispatch/middleware/templates/rescues/_request_and_response.html.erb (1.2ms)
  Rendered /home/stoebelj/.rbenv/versions/2.1.6/lib/ruby/gems/2.1.0/gems/actionpack-4.1.10/lib/action_dispatch/middleware/templates/rescues/diagnostics.erb within rescues/layout (28.3ms)


Started GET "/students" for 127.0.0.1 at 2015-07-16 13:24:26 -0400
Processing by StudentsController#index as HTML
  [1m[35m (0.1ms)[0m  SELECT COUNT(*) FROM `students`
  [1m[36mStudent Load (0.3ms)[0m  [1mSELECT `students`.* FROM `students`[0m
  Rendered students/index.html.erb (28.7ms)
Completed 500 Internal Server Error in 30ms (ActiveRecord: 1.6ms)

ActionView::Template::Error (undefined local variable or method `subject' for #<#<Class:0x007f6932cf49a8>:0x007f692468df00>):
    24: 
    25: 
    26: <!-- example of action buttons to do more with a paticular student. -->
    27: <!--         <%= link_to("Show", {:action => 'show', :id => subject.id}, :class => 'action show') %>
    28: 
    29:         <%= link_to("View Pages", {:controller => 'pages', :subject_id => subject.id}, :class => 'action show') %>
    30:         
  app/views/students/index.html.erb:27:in `block in _app_views_students_index_html_erb__3500263224300269882_70044779570300'
  app/views/students/index.html.erb:18:in `_app_views_students_index_html_erb__3500263224300269882_70044779570300'


  Rendered /home/stoebelj/.rbenv/versions/2.1.6/lib/ruby/gems/2.1.0/gems/actionpack-4.1.10/lib/action_dispatch/middleware/templates/rescues/_trace.html.erb (1.2ms)
  Rendered /home/stoebelj/.rbenv/versions/2.1.6/lib/ruby/gems/2.1.0/gems/actionpack-4.1.10/lib/action_dispatch/middleware/templates/rescues/_request_and_response.html.erb (1.0ms)
  Rendered /home/stoebelj/.rbenv/versions/2.1.6/lib/ruby/gems/2.1.0/gems/actionpack-4.1.10/lib/action_dispatch/middleware/templates/rescues/template_error.html.erb within rescues/layout (11.1ms)


Started GET "/students" for 127.0.0.1 at 2015-07-16 13:25:25 -0400
Processing by StudentsController#index as HTML
  [1m[35m (0.1ms)[0m  SELECT COUNT(*) FROM `students`
  [1m[36mStudent Load (0.3ms)[0m  [1mSELECT `students`.* FROM `students`[0m
  Rendered students/index.html.erb (56.7ms)
Completed 200 OK in 58ms (Views: 57.3ms | ActiveRecord: 0.4ms)


Started GET "/students" for 127.0.0.1 at 2015-07-16 13:25:55 -0400
Processing by StudentsController#index as HTML
  [1m[35m (0.1ms)[0m  SELECT COUNT(*) FROM `students`
  [1m[36mStudent Load (0.2ms)[0m  [1mSELECT `students`.* FROM `students`[0m
  Rendered students/index.html.erb (36.9ms)
Completed 200 OK in 38ms (Views: 37.4ms | ActiveRecord: 0.4ms)


Started GET "/students" for 127.0.0.1 at 2015-07-16 13:32:20 -0400
Processing by StudentsController#index as HTML
  [1m[35m (0.1ms)[0m  SELECT COUNT(*) FROM `students`
  [1m[36mStudent Load (0.3ms)[0m  [1mSELECT `students`.* FROM `students`[0m
  Rendered students/index.html.erb (34.6ms)
Completed 200 OK in 36ms (Views: 35.1ms | ActiveRecord: 0.4ms)


Started GET "/students" for 127.0.0.1 at 2015-07-16 13:33:20 -0400
Processing by StudentsController#index as HTML
  [1m[35m (56.7ms)[0m  SELECT COUNT(*) FROM `students`  WHERE (ProgStatus in 'Candidate','Prospective')
Mysql2::Error: You have an error in your SQL syntax; check the manual that corresponds to your MySQL server version for the right syntax to use near ''Candidate','Prospective')' at line 1: SELECT COUNT(*) FROM `students`  WHERE (ProgStatus in 'Candidate','Prospective')
  Rendered students/index.html.erb (61.0ms)
Completed 500 Internal Server Error in 65ms (ActiveRecord: 58.1ms)

ActionView::Template::Error (Mysql2::Error: You have an error in your SQL syntax; check the manual that corresponds to your MySQL server version for the right syntax to use near ''Candidate','Prospective')' at line 1: SELECT COUNT(*) FROM `students`  WHERE (ProgStatus in 'Candidate','Prospective')):
     5: <div class="students index">
     6:   <h2>Students</h2>
     7: 
     8:   <div> <%= pluralize(@students.size, 'student') %>  found </div>
     9: 
    10:   <table class="listing" summary="Student list">
    11:     <tr class="header">
  app/views/students/index.html.erb:8:in `_app_views_students_index_html_erb__3500263224300269882_70044901104000'


  Rendered /home/stoebelj/.rbenv/versions/2.1.6/lib/ruby/gems/2.1.0/gems/actionpack-4.1.10/lib/action_dispatch/middleware/templates/rescues/_trace.html.erb (1.2ms)
  Rendered /home/stoebelj/.rbenv/versions/2.1.6/lib/ruby/gems/2.1.0/gems/actionpack-4.1.10/lib/action_dispatch/middleware/templates/rescues/_request_and_response.html.erb (0.8ms)
  Rendered /home/stoebelj/.rbenv/versions/2.1.6/lib/ruby/gems/2.1.0/gems/actionpack-4.1.10/lib/action_dispatch/middleware/templates/rescues/template_error.html.erb within rescues/layout (9.8ms)


Started GET "/students" for 127.0.0.1 at 2015-07-16 13:34:27 -0400
Processing by StudentsController#index as HTML
  [1m[36m (40.8ms)[0m  [1mSELECT COUNT(*) FROM `students`  WHERE (ProgStatus in ('Candidate','Prospective'))[0m
  [1m[35mStudent Load (1.1ms)[0m  SELECT `students`.* FROM `students`  WHERE (ProgStatus in ('Candidate','Prospective'))
  Rendered students/index.html.erb (77.3ms)
Completed 200 OK in 81ms (Views: 35.7ms | ActiveRecord: 43.0ms)
