I, [2015-11-12T15:01:55.176183 #27026]  INFO -- : Started GET "/" for 127.0.0.1 at 2015-11-12 15:01:55 -0500
F, [2015-11-12T15:01:55.183062 #27026] FATAL -- : 
Mysql2::Error (Access denied for user 'eds'@'localhost' (using password: NO)):
  mysql2 (0.3.18) lib/mysql2/client.rb:70:in `connect'
  mysql2 (0.3.18) lib/mysql2/client.rb:70:in `initialize'
  activerecord (4.1.10) lib/active_record/connection_adapters/mysql2_adapter.rb:18:in `new'
  activerecord (4.1.10) lib/active_record/connection_adapters/mysql2_adapter.rb:18:in `mysql2_connection'
  activerecord (4.1.10) lib/active_record/connection_adapters/abstract/connection_pool.rb:435:in `new_connection'
  activerecord (4.1.10) lib/active_record/connection_adapters/abstract/connection_pool.rb:445:in `checkout_new_connection'
  activerecord (4.1.10) lib/active_record/connection_adapters/abstract/connection_pool.rb:416:in `acquire_connection'
  activerecord (4.1.10) lib/active_record/connection_adapters/abstract/connection_pool.rb:351:in `block in checkout'
  /home/stoebelj/.rbenv/versions/2.1.6/lib/ruby/2.1.0/monitor.rb:211:in `mon_synchronize'
  activerecord (4.1.10) lib/active_record/connection_adapters/abstract/connection_pool.rb:350:in `checkout'
  activerecord (4.1.10) lib/active_record/connection_adapters/abstract/connection_pool.rb:265:in `block in connection'
  /home/stoebelj/.rbenv/versions/2.1.6/lib/ruby/2.1.0/monitor.rb:211:in `mon_synchronize'
  activerecord (4.1.10) lib/active_record/connection_adapters/abstract/connection_pool.rb:264:in `connection'
  activerecord (4.1.10) lib/active_record/connection_adapters/abstract/connection_pool.rb:541:in `retrieve_connection'
  composite_primary_keys (7.0.15) lib/composite_primary_keys/connection_adapters/abstract/connection_specification_changes.rb:51:in `retrieve_connection'
  composite_primary_keys (7.0.15) lib/composite_primary_keys/connection_adapters/abstract/connection_specification_changes.rb:33:in `connection'
  activerecord (4.1.10) lib/active_record/query_cache.rb:51:in `restore_query_cache_settings'
  activerecord (4.1.10) lib/active_record/query_cache.rb:43:in `rescue in call'
  activerecord (4.1.10) lib/active_record/query_cache.rb:32:in `call'
  activerecord (4.1.10) lib/active_record/connection_adapters/abstract/connection_pool.rb:621:in `call'
  actionpack (4.1.10) lib/action_dispatch/middleware/callbacks.rb:29:in `block in call'
  activesupport (4.1.10) lib/active_support/callbacks.rb:82:in `run_callbacks'
  actionpack (4.1.10) lib/action_dispatch/middleware/callbacks.rb:27:in `call'
  actionpack (4.1.10) lib/action_dispatch/middleware/remote_ip.rb:76:in `call'
  actionpack (4.1.10) lib/action_dispatch/middleware/debug_exceptions.rb:17:in `call'
  actionpack (4.1.10) lib/action_dispatch/middleware/show_exceptions.rb:30:in `call'
  railties (4.1.10) lib/rails/rack/logger.rb:38:in `call_app'
  railties (4.1.10) lib/rails/rack/logger.rb:20:in `block in call'
  activesupport (4.1.10) lib/active_support/tagged_logging.rb:68:in `block in tagged'
  activesupport (4.1.10) lib/active_support/tagged_logging.rb:26:in `tagged'
  activesupport (4.1.10) lib/active_support/tagged_logging.rb:68:in `tagged'
  railties (4.1.10) lib/rails/rack/logger.rb:20:in `call'
  actionpack (4.1.10) lib/action_dispatch/middleware/request_id.rb:21:in `call'
  rack (1.5.5) lib/rack/methodoverride.rb:21:in `call'
  rack (1.5.5) lib/rack/runtime.rb:17:in `call'
  activesupport (4.1.10) lib/active_support/cache/strategy/local_cache_middleware.rb:26:in `call'
  rack (1.5.5) lib/rack/sendfile.rb:112:in `call'
  railties (4.1.10) lib/rails/engine.rb:514:in `call'
  railties (4.1.10) lib/rails/application.rb:144:in `call'
  rack (1.5.5) lib/rack/lock.rb:17:in `call'
  rack (1.5.5) lib/rack/content_length.rb:14:in `call'
  rack (1.5.5) lib/rack/handler/webrick.rb:60:in `service'
  /home/stoebelj/.rbenv/versions/2.1.6/lib/ruby/2.1.0/webrick/httpserver.rb:138:in `service'
  /home/stoebelj/.rbenv/versions/2.1.6/lib/ruby/2.1.0/webrick/httpserver.rb:94:in `run'
  /home/stoebelj/.rbenv/versions/2.1.6/lib/ruby/2.1.0/webrick/server.rb:295:in `block in start_thread'


I, [2015-11-12T15:05:11.313685 #27241]  INFO -- : Started GET "/" for 127.0.0.1 at 2015-11-12 15:05:11 -0500
I, [2015-11-12T15:05:11.389798 #27241]  INFO -- : Processing by StudentsController#index as HTML
E, [2015-11-12T15:05:11.396464 #27241] ERROR -- : Mysql2::Error: No database selected: SHOW FULL FIELDS FROM `students`
I, [2015-11-12T15:05:11.397566 #27241]  INFO -- :   Rendered students/index.html.erb within layouts/application (4.7ms)
I, [2015-11-12T15:05:11.397870 #27241]  INFO -- : Completed 500 Internal Server Error in 8ms (ActiveRecord: 0.5ms)
F, [2015-11-12T15:05:11.400028 #27241] FATAL -- : 
ActionView::Template::Error (Mysql2::Error: No database selected: SHOW FULL FIELDS FROM `students`):
     5: 
     6:   <table class="listing table table-striped" summary="Student list">
     7:     <caption>
     8:       <h2>Students (<%= @students.size %> found) </h2>     
     9:     </caption>
    10:     <tr class="header">
    11:       <th>B#</th>
  app/views/students/index.html.erb:8:in `_app_views_students_index_html_erb__427246378942524830_70308031006720'


I, [2015-11-12T15:05:59.471000 #27280]  INFO -- : Started GET "/" for 127.0.0.1 at 2015-11-12 15:05:59 -0500
I, [2015-11-12T15:05:59.516684 #27280]  INFO -- : Processing by StudentsController#index as HTML
I, [2015-11-12T15:05:59.526092 #27280]  INFO -- :   Rendered students/index.html.erb within layouts/application (6.4ms)
I, [2015-11-12T15:05:59.537439 #27280]  INFO -- : Completed 200 OK in 21ms (Views: 17.3ms | ActiveRecord: 1.9ms)
I, [2015-11-12T15:05:59.558216 #27280]  INFO -- : Started GET "/stylesheets/application.css" for 127.0.0.1 at 2015-11-12 15:05:59 -0500
F, [2015-11-12T15:05:59.560323 #27280] FATAL -- : 
ActionController::RoutingError (No route matches [GET] "/stylesheets/application.css"):
  actionpack (4.1.10) lib/action_dispatch/middleware/debug_exceptions.rb:21:in `call'
  actionpack (4.1.10) lib/action_dispatch/middleware/show_exceptions.rb:30:in `call'
  railties (4.1.10) lib/rails/rack/logger.rb:38:in `call_app'
  railties (4.1.10) lib/rails/rack/logger.rb:20:in `block in call'
  activesupport (4.1.10) lib/active_support/tagged_logging.rb:68:in `block in tagged'
  activesupport (4.1.10) lib/active_support/tagged_logging.rb:26:in `tagged'
  activesupport (4.1.10) lib/active_support/tagged_logging.rb:68:in `tagged'
  railties (4.1.10) lib/rails/rack/logger.rb:20:in `call'
  actionpack (4.1.10) lib/action_dispatch/middleware/request_id.rb:21:in `call'
  rack (1.5.5) lib/rack/methodoverride.rb:21:in `call'
  rack (1.5.5) lib/rack/runtime.rb:17:in `call'
  activesupport (4.1.10) lib/active_support/cache/strategy/local_cache_middleware.rb:26:in `call'
  rack (1.5.5) lib/rack/sendfile.rb:112:in `call'
  railties (4.1.10) lib/rails/engine.rb:514:in `call'
  railties (4.1.10) lib/rails/application.rb:144:in `call'
  rack (1.5.5) lib/rack/lock.rb:17:in `call'
  rack (1.5.5) lib/rack/content_length.rb:14:in `call'
  rack (1.5.5) lib/rack/handler/webrick.rb:60:in `service'
  /home/stoebelj/.rbenv/versions/2.1.6/lib/ruby/2.1.0/webrick/httpserver.rb:138:in `service'
  /home/stoebelj/.rbenv/versions/2.1.6/lib/ruby/2.1.0/webrick/httpserver.rb:94:in `run'
  /home/stoebelj/.rbenv/versions/2.1.6/lib/ruby/2.1.0/webrick/server.rb:295:in `block in start_thread'


I, [2015-11-12T15:05:59.576968 #27280]  INFO -- : Started GET "/javascripts/application.js" for 127.0.0.1 at 2015-11-12 15:05:59 -0500
F, [2015-11-12T15:05:59.577970 #27280] FATAL -- : 
ActionController::RoutingError (No route matches [GET] "/javascripts/application.js"):
  actionpack (4.1.10) lib/action_dispatch/middleware/debug_exceptions.rb:21:in `call'
  actionpack (4.1.10) lib/action_dispatch/middleware/show_exceptions.rb:30:in `call'
  railties (4.1.10) lib/rails/rack/logger.rb:38:in `call_app'
  railties (4.1.10) lib/rails/rack/logger.rb:20:in `block in call'
  activesupport (4.1.10) lib/active_support/tagged_logging.rb:68:in `block in tagged'
  activesupport (4.1.10) lib/active_support/tagged_logging.rb:26:in `tagged'
  activesupport (4.1.10) lib/active_support/tagged_logging.rb:68:in `tagged'
  railties (4.1.10) lib/rails/rack/logger.rb:20:in `call'
  actionpack (4.1.10) lib/action_dispatch/middleware/request_id.rb:21:in `call'
  rack (1.5.5) lib/rack/methodoverride.rb:21:in `call'
  rack (1.5.5) lib/rack/runtime.rb:17:in `call'
  activesupport (4.1.10) lib/active_support/cache/strategy/local_cache_middleware.rb:26:in `call'
  rack (1.5.5) lib/rack/sendfile.rb:112:in `call'
  railties (4.1.10) lib/rails/engine.rb:514:in `call'
  railties (4.1.10) lib/rails/application.rb:144:in `call'
  rack (1.5.5) lib/rack/lock.rb:17:in `call'
  rack (1.5.5) lib/rack/content_length.rb:14:in `call'
  rack (1.5.5) lib/rack/handler/webrick.rb:60:in `service'
  /home/stoebelj/.rbenv/versions/2.1.6/lib/ruby/2.1.0/webrick/httpserver.rb:138:in `service'
  /home/stoebelj/.rbenv/versions/2.1.6/lib/ruby/2.1.0/webrick/httpserver.rb:94:in `run'
  /home/stoebelj/.rbenv/versions/2.1.6/lib/ruby/2.1.0/webrick/server.rb:295:in `block in start_thread'


I, [2015-11-12T15:05:59.578758 #27280]  INFO -- : Started GET "/javascripts/students.js" for 127.0.0.1 at 2015-11-12 15:05:59 -0500
F, [2015-11-12T15:05:59.579729 #27280] FATAL -- : 
ActionController::RoutingError (No route matches [GET] "/javascripts/students.js"):
  actionpack (4.1.10) lib/action_dispatch/middleware/debug_exceptions.rb:21:in `call'
  actionpack (4.1.10) lib/action_dispatch/middleware/show_exceptions.rb:30:in `call'
  railties (4.1.10) lib/rails/rack/logger.rb:38:in `call_app'
  railties (4.1.10) lib/rails/rack/logger.rb:20:in `block in call'
  activesupport (4.1.10) lib/active_support/tagged_logging.rb:68:in `block in tagged'
  activesupport (4.1.10) lib/active_support/tagged_logging.rb:26:in `tagged'
  activesupport (4.1.10) lib/active_support/tagged_logging.rb:68:in `tagged'
  railties (4.1.10) lib/rails/rack/logger.rb:20:in `call'
  actionpack (4.1.10) lib/action_dispatch/middleware/request_id.rb:21:in `call'
  rack (1.5.5) lib/rack/methodoverride.rb:21:in `call'
  rack (1.5.5) lib/rack/runtime.rb:17:in `call'
  activesupport (4.1.10) lib/active_support/cache/strategy/local_cache_middleware.rb:26:in `call'
  rack (1.5.5) lib/rack/sendfile.rb:112:in `call'
  railties (4.1.10) lib/rails/engine.rb:514:in `call'
  railties (4.1.10) lib/rails/application.rb:144:in `call'
  rack (1.5.5) lib/rack/lock.rb:17:in `call'
  rack (1.5.5) lib/rack/content_length.rb:14:in `call'
  rack (1.5.5) lib/rack/handler/webrick.rb:60:in `service'
  /home/stoebelj/.rbenv/versions/2.1.6/lib/ruby/2.1.0/webrick/httpserver.rb:138:in `service'
  /home/stoebelj/.rbenv/versions/2.1.6/lib/ruby/2.1.0/webrick/httpserver.rb:94:in `run'
  /home/stoebelj/.rbenv/versions/2.1.6/lib/ruby/2.1.0/webrick/server.rb:295:in `block in start_thread'


I, [2015-11-12T15:06:00.399015 #27280]  INFO -- : Started GET "/stylesheets/application.css" for 127.0.0.1 at 2015-11-12 15:06:00 -0500
F, [2015-11-12T15:06:00.402430 #27280] FATAL -- : 
ActionController::RoutingError (No route matches [GET] "/stylesheets/application.css"):
  actionpack (4.1.10) lib/action_dispatch/middleware/debug_exceptions.rb:21:in `call'
  actionpack (4.1.10) lib/action_dispatch/middleware/show_exceptions.rb:30:in `call'
  railties (4.1.10) lib/rails/rack/logger.rb:38:in `call_app'
  railties (4.1.10) lib/rails/rack/logger.rb:20:in `block in call'
  activesupport (4.1.10) lib/active_support/tagged_logging.rb:68:in `block in tagged'
  activesupport (4.1.10) lib/active_support/tagged_logging.rb:26:in `tagged'
  activesupport (4.1.10) lib/active_support/tagged_logging.rb:68:in `tagged'
  railties (4.1.10) lib/rails/rack/logger.rb:20:in `call'
  actionpack (4.1.10) lib/action_dispatch/middleware/request_id.rb:21:in `call'
  rack (1.5.5) lib/rack/methodoverride.rb:21:in `call'
  rack (1.5.5) lib/rack/runtime.rb:17:in `call'
  activesupport (4.1.10) lib/active_support/cache/strategy/local_cache_middleware.rb:26:in `call'
  rack (1.5.5) lib/rack/sendfile.rb:112:in `call'
  railties (4.1.10) lib/rails/engine.rb:514:in `call'
  railties (4.1.10) lib/rails/application.rb:144:in `call'
  rack (1.5.5) lib/rack/lock.rb:17:in `call'
  rack (1.5.5) lib/rack/content_length.rb:14:in `call'
  rack (1.5.5) lib/rack/handler/webrick.rb:60:in `service'
  /home/stoebelj/.rbenv/versions/2.1.6/lib/ruby/2.1.0/webrick/httpserver.rb:138:in `service'
  /home/stoebelj/.rbenv/versions/2.1.6/lib/ruby/2.1.0/webrick/httpserver.rb:94:in `run'
  /home/stoebelj/.rbenv/versions/2.1.6/lib/ruby/2.1.0/webrick/server.rb:295:in `block in start_thread'


I, [2015-11-12T15:06:00.403468 #27280]  INFO -- : Started GET "/javascripts/students.js" for 127.0.0.1 at 2015-11-12 15:06:00 -0500
F, [2015-11-12T15:06:00.404895 #27280] FATAL -- : 
ActionController::RoutingError (No route matches [GET] "/javascripts/students.js"):
  actionpack (4.1.10) lib/action_dispatch/middleware/debug_exceptions.rb:21:in `call'
  actionpack (4.1.10) lib/action_dispatch/middleware/show_exceptions.rb:30:in `call'
  railties (4.1.10) lib/rails/rack/logger.rb:38:in `call_app'
  railties (4.1.10) lib/rails/rack/logger.rb:20:in `block in call'
  activesupport (4.1.10) lib/active_support/tagged_logging.rb:68:in `block in tagged'
  activesupport (4.1.10) lib/active_support/tagged_logging.rb:26:in `tagged'
  activesupport (4.1.10) lib/active_support/tagged_logging.rb:68:in `tagged'
  railties (4.1.10) lib/rails/rack/logger.rb:20:in `call'
  actionpack (4.1.10) lib/action_dispatch/middleware/request_id.rb:21:in `call'
  rack (1.5.5) lib/rack/methodoverride.rb:21:in `call'
  rack (1.5.5) lib/rack/runtime.rb:17:in `call'
  activesupport (4.1.10) lib/active_support/cache/strategy/local_cache_middleware.rb:26:in `call'
  rack (1.5.5) lib/rack/sendfile.rb:112:in `call'
  railties (4.1.10) lib/rails/engine.rb:514:in `call'
  railties (4.1.10) lib/rails/application.rb:144:in `call'
  rack (1.5.5) lib/rack/lock.rb:17:in `call'
  rack (1.5.5) lib/rack/content_length.rb:14:in `call'
  rack (1.5.5) lib/rack/handler/webrick.rb:60:in `service'
  /home/stoebelj/.rbenv/versions/2.1.6/lib/ruby/2.1.0/webrick/httpserver.rb:138:in `service'
  /home/stoebelj/.rbenv/versions/2.1.6/lib/ruby/2.1.0/webrick/httpserver.rb:94:in `run'
  /home/stoebelj/.rbenv/versions/2.1.6/lib/ruby/2.1.0/webrick/server.rb:295:in `block in start_thread'


I, [2015-11-12T15:06:00.414399 #27280]  INFO -- : Started GET "/javascripts/application.js" for 127.0.0.1 at 2015-11-12 15:06:00 -0500
F, [2015-11-12T15:06:00.415968 #27280] FATAL -- : 
ActionController::RoutingError (No route matches [GET] "/javascripts/application.js"):
  actionpack (4.1.10) lib/action_dispatch/middleware/debug_exceptions.rb:21:in `call'
  actionpack (4.1.10) lib/action_dispatch/middleware/show_exceptions.rb:30:in `call'
  railties (4.1.10) lib/rails/rack/logger.rb:38:in `call_app'
  railties (4.1.10) lib/rails/rack/logger.rb:20:in `block in call'
  activesupport (4.1.10) lib/active_support/tagged_logging.rb:68:in `block in tagged'
  activesupport (4.1.10) lib/active_support/tagged_logging.rb:26:in `tagged'
  activesupport (4.1.10) lib/active_support/tagged_logging.rb:68:in `tagged'
  railties (4.1.10) lib/rails/rack/logger.rb:20:in `call'
  actionpack (4.1.10) lib/action_dispatch/middleware/request_id.rb:21:in `call'
  rack (1.5.5) lib/rack/methodoverride.rb:21:in `call'
  rack (1.5.5) lib/rack/runtime.rb:17:in `call'
  activesupport (4.1.10) lib/active_support/cache/strategy/local_cache_middleware.rb:26:in `call'
  rack (1.5.5) lib/rack/sendfile.rb:112:in `call'
  railties (4.1.10) lib/rails/engine.rb:514:in `call'
  railties (4.1.10) lib/rails/application.rb:144:in `call'
  rack (1.5.5) lib/rack/lock.rb:17:in `call'
  rack (1.5.5) lib/rack/content_length.rb:14:in `call'
  rack (1.5.5) lib/rack/handler/webrick.rb:60:in `service'
  /home/stoebelj/.rbenv/versions/2.1.6/lib/ruby/2.1.0/webrick/httpserver.rb:138:in `service'
  /home/stoebelj/.rbenv/versions/2.1.6/lib/ruby/2.1.0/webrick/httpserver.rb:94:in `run'
  /home/stoebelj/.rbenv/versions/2.1.6/lib/ruby/2.1.0/webrick/server.rb:295:in `block in start_thread'


I, [2015-11-12T15:06:27.262254 #27280]  INFO -- : Started GET "/students" for 127.0.0.1 at 2015-11-12 15:06:27 -0500
I, [2015-11-12T15:06:27.264721 #27280]  INFO -- : Processing by StudentsController#index as HTML
I, [2015-11-12T15:06:27.268362 #27280]  INFO -- :   Rendered students/index.html.erb within layouts/application (1.7ms)
I, [2015-11-12T15:06:27.271170 #27280]  INFO -- : Completed 200 OK in 6ms (Views: 4.5ms | ActiveRecord: 0.4ms)
I, [2015-11-12T15:06:27.364928 #27280]  INFO -- : Started GET "/stylesheets/application.css" for 127.0.0.1 at 2015-11-12 15:06:27 -0500
F, [2015-11-12T15:06:27.373885 #27280] FATAL -- : 
ActionController::RoutingError (No route matches [GET] "/stylesheets/application.css"):
  actionpack (4.1.10) lib/action_dispatch/middleware/debug_exceptions.rb:21:in `call'
  actionpack (4.1.10) lib/action_dispatch/middleware/show_exceptions.rb:30:in `call'
  railties (4.1.10) lib/rails/rack/logger.rb:38:in `call_app'
  railties (4.1.10) lib/rails/rack/logger.rb:20:in `block in call'
  activesupport (4.1.10) lib/active_support/tagged_logging.rb:68:in `block in tagged'
  activesupport (4.1.10) lib/active_support/tagged_logging.rb:26:in `tagged'
  activesupport (4.1.10) lib/active_support/tagged_logging.rb:68:in `tagged'
  railties (4.1.10) lib/rails/rack/logger.rb:20:in `call'
  actionpack (4.1.10) lib/action_dispatch/middleware/request_id.rb:21:in `call'
  rack (1.5.5) lib/rack/methodoverride.rb:21:in `call'
  rack (1.5.5) lib/rack/runtime.rb:17:in `call'
  activesupport (4.1.10) lib/active_support/cache/strategy/local_cache_middleware.rb:26:in `call'
  rack (1.5.5) lib/rack/sendfile.rb:112:in `call'
  railties (4.1.10) lib/rails/engine.rb:514:in `call'
  railties (4.1.10) lib/rails/application.rb:144:in `call'
  rack (1.5.5) lib/rack/lock.rb:17:in `call'
  rack (1.5.5) lib/rack/content_length.rb:14:in `call'
  rack (1.5.5) lib/rack/handler/webrick.rb:60:in `service'
  /home/stoebelj/.rbenv/versions/2.1.6/lib/ruby/2.1.0/webrick/httpserver.rb:138:in `service'
  /home/stoebelj/.rbenv/versions/2.1.6/lib/ruby/2.1.0/webrick/httpserver.rb:94:in `run'
  /home/stoebelj/.rbenv/versions/2.1.6/lib/ruby/2.1.0/webrick/server.rb:295:in `block in start_thread'


I, [2015-11-12T15:06:27.375231 #27280]  INFO -- : Started GET "/javascripts/students.js" for 127.0.0.1 at 2015-11-12 15:06:27 -0500
F, [2015-11-12T15:06:27.378016 #27280] FATAL -- : 
ActionController::RoutingError (No route matches [GET] "/javascripts/students.js"):
  actionpack (4.1.10) lib/action_dispatch/middleware/debug_exceptions.rb:21:in `call'
  actionpack (4.1.10) lib/action_dispatch/middleware/show_exceptions.rb:30:in `call'
  railties (4.1.10) lib/rails/rack/logger.rb:38:in `call_app'
  railties (4.1.10) lib/rails/rack/logger.rb:20:in `block in call'
  activesupport (4.1.10) lib/active_support/tagged_logging.rb:68:in `block in tagged'
  activesupport (4.1.10) lib/active_support/tagged_logging.rb:26:in `tagged'
  activesupport (4.1.10) lib/active_support/tagged_logging.rb:68:in `tagged'
  railties (4.1.10) lib/rails/rack/logger.rb:20:in `call'
  actionpack (4.1.10) lib/action_dispatch/middleware/request_id.rb:21:in `call'
  rack (1.5.5) lib/rack/methodoverride.rb:21:in `call'
  rack (1.5.5) lib/rack/runtime.rb:17:in `call'
  activesupport (4.1.10) lib/active_support/cache/strategy/local_cache_middleware.rb:26:in `call'
  rack (1.5.5) lib/rack/sendfile.rb:112:in `call'
  railties (4.1.10) lib/rails/engine.rb:514:in `call'
  railties (4.1.10) lib/rails/application.rb:144:in `call'
  rack (1.5.5) lib/rack/lock.rb:17:in `call'
  rack (1.5.5) lib/rack/content_length.rb:14:in `call'
  rack (1.5.5) lib/rack/handler/webrick.rb:60:in `service'
  /home/stoebelj/.rbenv/versions/2.1.6/lib/ruby/2.1.0/webrick/httpserver.rb:138:in `service'
  /home/stoebelj/.rbenv/versions/2.1.6/lib/ruby/2.1.0/webrick/httpserver.rb:94:in `run'
  /home/stoebelj/.rbenv/versions/2.1.6/lib/ruby/2.1.0/webrick/server.rb:295:in `block in start_thread'


I, [2015-11-12T15:06:27.379970 #27280]  INFO -- : Started GET "/javascripts/application.js" for 127.0.0.1 at 2015-11-12 15:06:27 -0500
F, [2015-11-12T15:06:27.383607 #27280] FATAL -- : 
ActionController::RoutingError (No route matches [GET] "/javascripts/application.js"):
  actionpack (4.1.10) lib/action_dispatch/middleware/debug_exceptions.rb:21:in `call'
  actionpack (4.1.10) lib/action_dispatch/middleware/show_exceptions.rb:30:in `call'
  railties (4.1.10) lib/rails/rack/logger.rb:38:in `call_app'
  railties (4.1.10) lib/rails/rack/logger.rb:20:in `block in call'
  activesupport (4.1.10) lib/active_support/tagged_logging.rb:68:in `block in tagged'
  activesupport (4.1.10) lib/active_support/tagged_logging.rb:26:in `tagged'
  activesupport (4.1.10) lib/active_support/tagged_logging.rb:68:in `tagged'
  railties (4.1.10) lib/rails/rack/logger.rb:20:in `call'
  actionpack (4.1.10) lib/action_dispatch/middleware/request_id.rb:21:in `call'
  rack (1.5.5) lib/rack/methodoverride.rb:21:in `call'
  rack (1.5.5) lib/rack/runtime.rb:17:in `call'
  activesupport (4.1.10) lib/active_support/cache/strategy/local_cache_middleware.rb:26:in `call'
  rack (1.5.5) lib/rack/sendfile.rb:112:in `call'
  railties (4.1.10) lib/rails/engine.rb:514:in `call'
  railties (4.1.10) lib/rails/application.rb:144:in `call'
  rack (1.5.5) lib/rack/lock.rb:17:in `call'
  rack (1.5.5) lib/rack/content_length.rb:14:in `call'
  rack (1.5.5) lib/rack/handler/webrick.rb:60:in `service'
  /home/stoebelj/.rbenv/versions/2.1.6/lib/ruby/2.1.0/webrick/httpserver.rb:138:in `service'
  /home/stoebelj/.rbenv/versions/2.1.6/lib/ruby/2.1.0/webrick/httpserver.rb:94:in `run'
  /home/stoebelj/.rbenv/versions/2.1.6/lib/ruby/2.1.0/webrick/server.rb:295:in `block in start_thread'


I, [2015-11-12T15:06:27.500602 #27280]  INFO -- : Started GET "/stylesheets/application.css" for 127.0.0.1 at 2015-11-12 15:06:27 -0500
F, [2015-11-12T15:06:27.504820 #27280] FATAL -- : 
ActionController::RoutingError (No route matches [GET] "/stylesheets/application.css"):
  actionpack (4.1.10) lib/action_dispatch/middleware/debug_exceptions.rb:21:in `call'
  actionpack (4.1.10) lib/action_dispatch/middleware/show_exceptions.rb:30:in `call'
  railties (4.1.10) lib/rails/rack/logger.rb:38:in `call_app'
  railties (4.1.10) lib/rails/rack/logger.rb:20:in `block in call'
  activesupport (4.1.10) lib/active_support/tagged_logging.rb:68:in `block in tagged'
  activesupport (4.1.10) lib/active_support/tagged_logging.rb:26:in `tagged'
  activesupport (4.1.10) lib/active_support/tagged_logging.rb:68:in `tagged'
  railties (4.1.10) lib/rails/rack/logger.rb:20:in `call'
  actionpack (4.1.10) lib/action_dispatch/middleware/request_id.rb:21:in `call'
  rack (1.5.5) lib/rack/methodoverride.rb:21:in `call'
  rack (1.5.5) lib/rack/runtime.rb:17:in `call'
  activesupport (4.1.10) lib/active_support/cache/strategy/local_cache_middleware.rb:26:in `call'
  rack (1.5.5) lib/rack/sendfile.rb:112:in `call'
  railties (4.1.10) lib/rails/engine.rb:514:in `call'
  railties (4.1.10) lib/rails/application.rb:144:in `call'
  rack (1.5.5) lib/rack/lock.rb:17:in `call'
  rack (1.5.5) lib/rack/content_length.rb:14:in `call'
  rack (1.5.5) lib/rack/handler/webrick.rb:60:in `service'
  /home/stoebelj/.rbenv/versions/2.1.6/lib/ruby/2.1.0/webrick/httpserver.rb:138:in `service'
  /home/stoebelj/.rbenv/versions/2.1.6/lib/ruby/2.1.0/webrick/httpserver.rb:94:in `run'
  /home/stoebelj/.rbenv/versions/2.1.6/lib/ruby/2.1.0/webrick/server.rb:295:in `block in start_thread'


I, [2015-11-12T15:06:27.506477 #27280]  INFO -- : Started GET "/javascripts/students.js" for 127.0.0.1 at 2015-11-12 15:06:27 -0500
F, [2015-11-12T15:06:27.507556 #27280] FATAL -- : 
ActionController::RoutingError (No route matches [GET] "/javascripts/students.js"):
  actionpack (4.1.10) lib/action_dispatch/middleware/debug_exceptions.rb:21:in `call'
  actionpack (4.1.10) lib/action_dispatch/middleware/show_exceptions.rb:30:in `call'
  railties (4.1.10) lib/rails/rack/logger.rb:38:in `call_app'
  railties (4.1.10) lib/rails/rack/logger.rb:20:in `block in call'
  activesupport (4.1.10) lib/active_support/tagged_logging.rb:68:in `block in tagged'
  activesupport (4.1.10) lib/active_support/tagged_logging.rb:26:in `tagged'
  activesupport (4.1.10) lib/active_support/tagged_logging.rb:68:in `tagged'
  railties (4.1.10) lib/rails/rack/logger.rb:20:in `call'
  actionpack (4.1.10) lib/action_dispatch/middleware/request_id.rb:21:in `call'
  rack (1.5.5) lib/rack/methodoverride.rb:21:in `call'
  rack (1.5.5) lib/rack/runtime.rb:17:in `call'
  activesupport (4.1.10) lib/active_support/cache/strategy/local_cache_middleware.rb:26:in `call'
  rack (1.5.5) lib/rack/sendfile.rb:112:in `call'
  railties (4.1.10) lib/rails/engine.rb:514:in `call'
  railties (4.1.10) lib/rails/application.rb:144:in `call'
  rack (1.5.5) lib/rack/lock.rb:17:in `call'
  rack (1.5.5) lib/rack/content_length.rb:14:in `call'
  rack (1.5.5) lib/rack/handler/webrick.rb:60:in `service'
  /home/stoebelj/.rbenv/versions/2.1.6/lib/ruby/2.1.0/webrick/httpserver.rb:138:in `service'
  /home/stoebelj/.rbenv/versions/2.1.6/lib/ruby/2.1.0/webrick/httpserver.rb:94:in `run'
  /home/stoebelj/.rbenv/versions/2.1.6/lib/ruby/2.1.0/webrick/server.rb:295:in `block in start_thread'


I, [2015-11-12T15:06:27.517207 #27280]  INFO -- : Started GET "/javascripts/application.js" for 127.0.0.1 at 2015-11-12 15:06:27 -0500
F, [2015-11-12T15:06:27.518162 #27280] FATAL -- : 
ActionController::RoutingError (No route matches [GET] "/javascripts/application.js"):
  actionpack (4.1.10) lib/action_dispatch/middleware/debug_exceptions.rb:21:in `call'
  actionpack (4.1.10) lib/action_dispatch/middleware/show_exceptions.rb:30:in `call'
  railties (4.1.10) lib/rails/rack/logger.rb:38:in `call_app'
  railties (4.1.10) lib/rails/rack/logger.rb:20:in `block in call'
  activesupport (4.1.10) lib/active_support/tagged_logging.rb:68:in `block in tagged'
  activesupport (4.1.10) lib/active_support/tagged_logging.rb:26:in `tagged'
  activesupport (4.1.10) lib/active_support/tagged_logging.rb:68:in `tagged'
  railties (4.1.10) lib/rails/rack/logger.rb:20:in `call'
  actionpack (4.1.10) lib/action_dispatch/middleware/request_id.rb:21:in `call'
  rack (1.5.5) lib/rack/methodoverride.rb:21:in `call'
  rack (1.5.5) lib/rack/runtime.rb:17:in `call'
  activesupport (4.1.10) lib/active_support/cache/strategy/local_cache_middleware.rb:26:in `call'
  rack (1.5.5) lib/rack/sendfile.rb:112:in `call'
  railties (4.1.10) lib/rails/engine.rb:514:in `call'
  railties (4.1.10) lib/rails/application.rb:144:in `call'
  rack (1.5.5) lib/rack/lock.rb:17:in `call'
  rack (1.5.5) lib/rack/content_length.rb:14:in `call'
  rack (1.5.5) lib/rack/handler/webrick.rb:60:in `service'
  /home/stoebelj/.rbenv/versions/2.1.6/lib/ruby/2.1.0/webrick/httpserver.rb:138:in `service'
  /home/stoebelj/.rbenv/versions/2.1.6/lib/ruby/2.1.0/webrick/httpserver.rb:94:in `run'
  /home/stoebelj/.rbenv/versions/2.1.6/lib/ruby/2.1.0/webrick/server.rb:295:in `block in start_thread'


I, [2015-11-12T15:06:28.971601 #27280]  INFO -- : Started GET "/students" for 127.0.0.1 at 2015-11-12 15:06:28 -0500
I, [2015-11-12T15:06:28.972965 #27280]  INFO -- : Processing by StudentsController#index as HTML
I, [2015-11-12T15:06:28.976031 #27280]  INFO -- :   Rendered students/index.html.erb within layouts/application (2.0ms)
I, [2015-11-12T15:06:28.977961 #27280]  INFO -- : Completed 200 OK in 5ms (Views: 3.6ms | ActiveRecord: 0.6ms)
I, [2015-11-12T15:06:29.006977 #27280]  INFO -- : Started GET "/stylesheets/application.css" for 127.0.0.1 at 2015-11-12 15:06:29 -0500
F, [2015-11-12T15:06:29.009334 #27280] FATAL -- : 
ActionController::RoutingError (No route matches [GET] "/stylesheets/application.css"):
  actionpack (4.1.10) lib/action_dispatch/middleware/debug_exceptions.rb:21:in `call'
  actionpack (4.1.10) lib/action_dispatch/middleware/show_exceptions.rb:30:in `call'
  railties (4.1.10) lib/rails/rack/logger.rb:38:in `call_app'
  railties (4.1.10) lib/rails/rack/logger.rb:20:in `block in call'
  activesupport (4.1.10) lib/active_support/tagged_logging.rb:68:in `block in tagged'
  activesupport (4.1.10) lib/active_support/tagged_logging.rb:26:in `tagged'
  activesupport (4.1.10) lib/active_support/tagged_logging.rb:68:in `tagged'
  railties (4.1.10) lib/rails/rack/logger.rb:20:in `call'
  actionpack (4.1.10) lib/action_dispatch/middleware/request_id.rb:21:in `call'
  rack (1.5.5) lib/rack/methodoverride.rb:21:in `call'
  rack (1.5.5) lib/rack/runtime.rb:17:in `call'
  activesupport (4.1.10) lib/active_support/cache/strategy/local_cache_middleware.rb:26:in `call'
  rack (1.5.5) lib/rack/sendfile.rb:112:in `call'
  railties (4.1.10) lib/rails/engine.rb:514:in `call'
  railties (4.1.10) lib/rails/application.rb:144:in `call'
  rack (1.5.5) lib/rack/lock.rb:17:in `call'
  rack (1.5.5) lib/rack/content_length.rb:14:in `call'
  rack (1.5.5) lib/rack/handler/webrick.rb:60:in `service'
  /home/stoebelj/.rbenv/versions/2.1.6/lib/ruby/2.1.0/webrick/httpserver.rb:138:in `service'
  /home/stoebelj/.rbenv/versions/2.1.6/lib/ruby/2.1.0/webrick/httpserver.rb:94:in `run'
  /home/stoebelj/.rbenv/versions/2.1.6/lib/ruby/2.1.0/webrick/server.rb:295:in `block in start_thread'


I, [2015-11-12T15:06:29.011966 #27280]  INFO -- : Started GET "/javascripts/application.js" for 127.0.0.1 at 2015-11-12 15:06:29 -0500
F, [2015-11-12T15:06:29.013534 #27280] FATAL -- : 
ActionController::RoutingError (No route matches [GET] "/javascripts/application.js"):
  actionpack (4.1.10) lib/action_dispatch/middleware/debug_exceptions.rb:21:in `call'
  actionpack (4.1.10) lib/action_dispatch/middleware/show_exceptions.rb:30:in `call'
  railties (4.1.10) lib/rails/rack/logger.rb:38:in `call_app'
  railties (4.1.10) lib/rails/rack/logger.rb:20:in `block in call'
  activesupport (4.1.10) lib/active_support/tagged_logging.rb:68:in `block in tagged'
  activesupport (4.1.10) lib/active_support/tagged_logging.rb:26:in `tagged'
  activesupport (4.1.10) lib/active_support/tagged_logging.rb:68:in `tagged'
  railties (4.1.10) lib/rails/rack/logger.rb:20:in `call'
  actionpack (4.1.10) lib/action_dispatch/middleware/request_id.rb:21:in `call'
  rack (1.5.5) lib/rack/methodoverride.rb:21:in `call'
  rack (1.5.5) lib/rack/runtime.rb:17:in `call'
  activesupport (4.1.10) lib/active_support/cache/strategy/local_cache_middleware.rb:26:in `call'
  rack (1.5.5) lib/rack/sendfile.rb:112:in `call'
  railties (4.1.10) lib/rails/engine.rb:514:in `call'
  railties (4.1.10) lib/rails/application.rb:144:in `call'
  rack (1.5.5) lib/rack/lock.rb:17:in `call'
  rack (1.5.5) lib/rack/content_length.rb:14:in `call'
  rack (1.5.5) lib/rack/handler/webrick.rb:60:in `service'
  /home/stoebelj/.rbenv/versions/2.1.6/lib/ruby/2.1.0/webrick/httpserver.rb:138:in `service'
  /home/stoebelj/.rbenv/versions/2.1.6/lib/ruby/2.1.0/webrick/httpserver.rb:94:in `run'
  /home/stoebelj/.rbenv/versions/2.1.6/lib/ruby/2.1.0/webrick/server.rb:295:in `block in start_thread'


I, [2015-11-12T15:06:29.014759 #27280]  INFO -- : Started GET "/javascripts/students.js" for 127.0.0.1 at 2015-11-12 15:06:29 -0500
F, [2015-11-12T15:06:29.017406 #27280] FATAL -- : 
ActionController::RoutingError (No route matches [GET] "/javascripts/students.js"):
  actionpack (4.1.10) lib/action_dispatch/middleware/debug_exceptions.rb:21:in `call'
  actionpack (4.1.10) lib/action_dispatch/middleware/show_exceptions.rb:30:in `call'
  railties (4.1.10) lib/rails/rack/logger.rb:38:in `call_app'
  railties (4.1.10) lib/rails/rack/logger.rb:20:in `block in call'
  activesupport (4.1.10) lib/active_support/tagged_logging.rb:68:in `block in tagged'
  activesupport (4.1.10) lib/active_support/tagged_logging.rb:26:in `tagged'
  activesupport (4.1.10) lib/active_support/tagged_logging.rb:68:in `tagged'
  railties (4.1.10) lib/rails/rack/logger.rb:20:in `call'
  actionpack (4.1.10) lib/action_dispatch/middleware/request_id.rb:21:in `call'
  rack (1.5.5) lib/rack/methodoverride.rb:21:in `call'
  rack (1.5.5) lib/rack/runtime.rb:17:in `call'
  activesupport (4.1.10) lib/active_support/cache/strategy/local_cache_middleware.rb:26:in `call'
  rack (1.5.5) lib/rack/sendfile.rb:112:in `call'
  railties (4.1.10) lib/rails/engine.rb:514:in `call'
  railties (4.1.10) lib/rails/application.rb:144:in `call'
  rack (1.5.5) lib/rack/lock.rb:17:in `call'
  rack (1.5.5) lib/rack/content_length.rb:14:in `call'
  rack (1.5.5) lib/rack/handler/webrick.rb:60:in `service'
  /home/stoebelj/.rbenv/versions/2.1.6/lib/ruby/2.1.0/webrick/httpserver.rb:138:in `service'
  /home/stoebelj/.rbenv/versions/2.1.6/lib/ruby/2.1.0/webrick/httpserver.rb:94:in `run'
  /home/stoebelj/.rbenv/versions/2.1.6/lib/ruby/2.1.0/webrick/server.rb:295:in `block in start_thread'


I, [2015-11-12T15:06:29.065225 #27280]  INFO -- : Started GET "/javascripts/students.js" for 127.0.0.1 at 2015-11-12 15:06:29 -0500
F, [2015-11-12T15:06:29.066627 #27280] FATAL -- : 
ActionController::RoutingError (No route matches [GET] "/javascripts/students.js"):
  actionpack (4.1.10) lib/action_dispatch/middleware/debug_exceptions.rb:21:in `call'
  actionpack (4.1.10) lib/action_dispatch/middleware/show_exceptions.rb:30:in `call'
  railties (4.1.10) lib/rails/rack/logger.rb:38:in `call_app'
  railties (4.1.10) lib/rails/rack/logger.rb:20:in `block in call'
  activesupport (4.1.10) lib/active_support/tagged_logging.rb:68:in `block in tagged'
  activesupport (4.1.10) lib/active_support/tagged_logging.rb:26:in `tagged'
  activesupport (4.1.10) lib/active_support/tagged_logging.rb:68:in `tagged'
  railties (4.1.10) lib/rails/rack/logger.rb:20:in `call'
  actionpack (4.1.10) lib/action_dispatch/middleware/request_id.rb:21:in `call'
  rack (1.5.5) lib/rack/methodoverride.rb:21:in `call'
  rack (1.5.5) lib/rack/runtime.rb:17:in `call'
  activesupport (4.1.10) lib/active_support/cache/strategy/local_cache_middleware.rb:26:in `call'
  rack (1.5.5) lib/rack/sendfile.rb:112:in `call'
  railties (4.1.10) lib/rails/engine.rb:514:in `call'
  railties (4.1.10) lib/rails/application.rb:144:in `call'
  rack (1.5.5) lib/rack/lock.rb:17:in `call'
  rack (1.5.5) lib/rack/content_length.rb:14:in `call'
  rack (1.5.5) lib/rack/handler/webrick.rb:60:in `service'
  /home/stoebelj/.rbenv/versions/2.1.6/lib/ruby/2.1.0/webrick/httpserver.rb:138:in `service'
  /home/stoebelj/.rbenv/versions/2.1.6/lib/ruby/2.1.0/webrick/httpserver.rb:94:in `run'
  /home/stoebelj/.rbenv/versions/2.1.6/lib/ruby/2.1.0/webrick/server.rb:295:in `block in start_thread'


I, [2015-11-12T15:06:29.110467 #27280]  INFO -- : Started GET "/javascripts/application.js" for 127.0.0.1 at 2015-11-12 15:06:29 -0500
F, [2015-11-12T15:06:29.111510 #27280] FATAL -- : 
ActionController::RoutingError (No route matches [GET] "/javascripts/application.js"):
  actionpack (4.1.10) lib/action_dispatch/middleware/debug_exceptions.rb:21:in `call'
  actionpack (4.1.10) lib/action_dispatch/middleware/show_exceptions.rb:30:in `call'
  railties (4.1.10) lib/rails/rack/logger.rb:38:in `call_app'
  railties (4.1.10) lib/rails/rack/logger.rb:20:in `block in call'
  activesupport (4.1.10) lib/active_support/tagged_logging.rb:68:in `block in tagged'
  activesupport (4.1.10) lib/active_support/tagged_logging.rb:26:in `tagged'
  activesupport (4.1.10) lib/active_support/tagged_logging.rb:68:in `tagged'
  railties (4.1.10) lib/rails/rack/logger.rb:20:in `call'
  actionpack (4.1.10) lib/action_dispatch/middleware/request_id.rb:21:in `call'
  rack (1.5.5) lib/rack/methodoverride.rb:21:in `call'
  rack (1.5.5) lib/rack/runtime.rb:17:in `call'
  activesupport (4.1.10) lib/active_support/cache/strategy/local_cache_middleware.rb:26:in `call'
  rack (1.5.5) lib/rack/sendfile.rb:112:in `call'
  railties (4.1.10) lib/rails/engine.rb:514:in `call'
  railties (4.1.10) lib/rails/application.rb:144:in `call'
  rack (1.5.5) lib/rack/lock.rb:17:in `call'
  rack (1.5.5) lib/rack/content_length.rb:14:in `call'
  rack (1.5.5) lib/rack/handler/webrick.rb:60:in `service'
  /home/stoebelj/.rbenv/versions/2.1.6/lib/ruby/2.1.0/webrick/httpserver.rb:138:in `service'
  /home/stoebelj/.rbenv/versions/2.1.6/lib/ruby/2.1.0/webrick/httpserver.rb:94:in `run'
  /home/stoebelj/.rbenv/versions/2.1.6/lib/ruby/2.1.0/webrick/server.rb:295:in `block in start_thread'


I, [2015-11-12T15:06:31.628081 #27280]  INFO -- : Started GET "/praxis_results/new" for 127.0.0.1 at 2015-11-12 15:06:31 -0500
I, [2015-11-12T15:06:31.632675 #27280]  INFO -- : Processing by PraxisResultsController#new as HTML
I, [2015-11-12T15:06:31.703787 #27280]  INFO -- :   Rendered application/_error_messages.html.erb (1.0ms)
I, [2015-11-12T15:06:31.933981 #27280]  INFO -- :   Rendered praxis_results/new.html.erb within layouts/application (265.2ms)
I, [2015-11-12T15:06:31.936042 #27280]  INFO -- : Completed 200 OK in 303ms (Views: 281.0ms | ActiveRecord: 19.2ms)
I, [2015-11-12T15:06:32.011325 #27280]  INFO -- : Started GET "/stylesheets/application.css" for 127.0.0.1 at 2015-11-12 15:06:32 -0500
F, [2015-11-12T15:06:32.018415 #27280] FATAL -- : 
ActionController::RoutingError (No route matches [GET] "/stylesheets/application.css"):
  actionpack (4.1.10) lib/action_dispatch/middleware/debug_exceptions.rb:21:in `call'
  actionpack (4.1.10) lib/action_dispatch/middleware/show_exceptions.rb:30:in `call'
  railties (4.1.10) lib/rails/rack/logger.rb:38:in `call_app'
  railties (4.1.10) lib/rails/rack/logger.rb:20:in `block in call'
  activesupport (4.1.10) lib/active_support/tagged_logging.rb:68:in `block in tagged'
  activesupport (4.1.10) lib/active_support/tagged_logging.rb:26:in `tagged'
  activesupport (4.1.10) lib/active_support/tagged_logging.rb:68:in `tagged'
  railties (4.1.10) lib/rails/rack/logger.rb:20:in `call'
  actionpack (4.1.10) lib/action_dispatch/middleware/request_id.rb:21:in `call'
  rack (1.5.5) lib/rack/methodoverride.rb:21:in `call'
  rack (1.5.5) lib/rack/runtime.rb:17:in `call'
  activesupport (4.1.10) lib/active_support/cache/strategy/local_cache_middleware.rb:26:in `call'
  rack (1.5.5) lib/rack/sendfile.rb:112:in `call'
  railties (4.1.10) lib/rails/engine.rb:514:in `call'
  railties (4.1.10) lib/rails/application.rb:144:in `call'
  rack (1.5.5) lib/rack/lock.rb:17:in `call'
  rack (1.5.5) lib/rack/content_length.rb:14:in `call'
  rack (1.5.5) lib/rack/handler/webrick.rb:60:in `service'
  /home/stoebelj/.rbenv/versions/2.1.6/lib/ruby/2.1.0/webrick/httpserver.rb:138:in `service'
  /home/stoebelj/.rbenv/versions/2.1.6/lib/ruby/2.1.0/webrick/httpserver.rb:94:in `run'
  /home/stoebelj/.rbenv/versions/2.1.6/lib/ruby/2.1.0/webrick/server.rb:295:in `block in start_thread'


I, [2015-11-12T15:06:32.019582 #27280]  INFO -- : Started GET "/javascripts/praxis_results.js" for 127.0.0.1 at 2015-11-12 15:06:32 -0500
F, [2015-11-12T15:06:32.021806 #27280] FATAL -- : 
ActionController::RoutingError (No route matches [GET] "/javascripts/praxis_results.js"):
  actionpack (4.1.10) lib/action_dispatch/middleware/debug_exceptions.rb:21:in `call'
  actionpack (4.1.10) lib/action_dispatch/middleware/show_exceptions.rb:30:in `call'
  railties (4.1.10) lib/rails/rack/logger.rb:38:in `call_app'
  railties (4.1.10) lib/rails/rack/logger.rb:20:in `block in call'
  activesupport (4.1.10) lib/active_support/tagged_logging.rb:68:in `block in tagged'
  activesupport (4.1.10) lib/active_support/tagged_logging.rb:26:in `tagged'
  activesupport (4.1.10) lib/active_support/tagged_logging.rb:68:in `tagged'
  railties (4.1.10) lib/rails/rack/logger.rb:20:in `call'
  actionpack (4.1.10) lib/action_dispatch/middleware/request_id.rb:21:in `call'
  rack (1.5.5) lib/rack/methodoverride.rb:21:in `call'
  rack (1.5.5) lib/rack/runtime.rb:17:in `call'
  activesupport (4.1.10) lib/active_support/cache/strategy/local_cache_middleware.rb:26:in `call'
  rack (1.5.5) lib/rack/sendfile.rb:112:in `call'
  railties (4.1.10) lib/rails/engine.rb:514:in `call'
  railties (4.1.10) lib/rails/application.rb:144:in `call'
  rack (1.5.5) lib/rack/lock.rb:17:in `call'
  rack (1.5.5) lib/rack/content_length.rb:14:in `call'
  rack (1.5.5) lib/rack/handler/webrick.rb:60:in `service'
  /home/stoebelj/.rbenv/versions/2.1.6/lib/ruby/2.1.0/webrick/httpserver.rb:138:in `service'
  /home/stoebelj/.rbenv/versions/2.1.6/lib/ruby/2.1.0/webrick/httpserver.rb:94:in `run'
  /home/stoebelj/.rbenv/versions/2.1.6/lib/ruby/2.1.0/webrick/server.rb:295:in `block in start_thread'


I, [2015-11-12T15:06:32.023155 #27280]  INFO -- : Started GET "/javascripts/application.js" for 127.0.0.1 at 2015-11-12 15:06:32 -0500
F, [2015-11-12T15:06:32.025570 #27280] FATAL -- : 
ActionController::RoutingError (No route matches [GET] "/javascripts/application.js"):
  actionpack (4.1.10) lib/action_dispatch/middleware/debug_exceptions.rb:21:in `call'
  actionpack (4.1.10) lib/action_dispatch/middleware/show_exceptions.rb:30:in `call'
  railties (4.1.10) lib/rails/rack/logger.rb:38:in `call_app'
  railties (4.1.10) lib/rails/rack/logger.rb:20:in `block in call'
  activesupport (4.1.10) lib/active_support/tagged_logging.rb:68:in `block in tagged'
  activesupport (4.1.10) lib/active_support/tagged_logging.rb:26:in `tagged'
  activesupport (4.1.10) lib/active_support/tagged_logging.rb:68:in `tagged'
  railties (4.1.10) lib/rails/rack/logger.rb:20:in `call'
  actionpack (4.1.10) lib/action_dispatch/middleware/request_id.rb:21:in `call'
  rack (1.5.5) lib/rack/methodoverride.rb:21:in `call'
  rack (1.5.5) lib/rack/runtime.rb:17:in `call'
  activesupport (4.1.10) lib/active_support/cache/strategy/local_cache_middleware.rb:26:in `call'
  rack (1.5.5) lib/rack/sendfile.rb:112:in `call'
  railties (4.1.10) lib/rails/engine.rb:514:in `call'
  railties (4.1.10) lib/rails/application.rb:144:in `call'
  rack (1.5.5) lib/rack/lock.rb:17:in `call'
  rack (1.5.5) lib/rack/content_length.rb:14:in `call'
  rack (1.5.5) lib/rack/handler/webrick.rb:60:in `service'
  /home/stoebelj/.rbenv/versions/2.1.6/lib/ruby/2.1.0/webrick/httpserver.rb:138:in `service'
  /home/stoebelj/.rbenv/versions/2.1.6/lib/ruby/2.1.0/webrick/httpserver.rb:94:in `run'
  /home/stoebelj/.rbenv/versions/2.1.6/lib/ruby/2.1.0/webrick/server.rb:295:in `block in start_thread'


I, [2015-11-12T15:06:32.097936 #27280]  INFO -- : Started GET "/stylesheets/application.css" for 127.0.0.1 at 2015-11-12 15:06:32 -0500
F, [2015-11-12T15:06:32.099565 #27280] FATAL -- : 
ActionController::RoutingError (No route matches [GET] "/stylesheets/application.css"):
  actionpack (4.1.10) lib/action_dispatch/middleware/debug_exceptions.rb:21:in `call'
  actionpack (4.1.10) lib/action_dispatch/middleware/show_exceptions.rb:30:in `call'
  railties (4.1.10) lib/rails/rack/logger.rb:38:in `call_app'
  railties (4.1.10) lib/rails/rack/logger.rb:20:in `block in call'
  activesupport (4.1.10) lib/active_support/tagged_logging.rb:68:in `block in tagged'
  activesupport (4.1.10) lib/active_support/tagged_logging.rb:26:in `tagged'
  activesupport (4.1.10) lib/active_support/tagged_logging.rb:68:in `tagged'
  railties (4.1.10) lib/rails/rack/logger.rb:20:in `call'
  actionpack (4.1.10) lib/action_dispatch/middleware/request_id.rb:21:in `call'
  rack (1.5.5) lib/rack/methodoverride.rb:21:in `call'
  rack (1.5.5) lib/rack/runtime.rb:17:in `call'
  activesupport (4.1.10) lib/active_support/cache/strategy/local_cache_middleware.rb:26:in `call'
  rack (1.5.5) lib/rack/sendfile.rb:112:in `call'
  railties (4.1.10) lib/rails/engine.rb:514:in `call'
  railties (4.1.10) lib/rails/application.rb:144:in `call'
  rack (1.5.5) lib/rack/lock.rb:17:in `call'
  rack (1.5.5) lib/rack/content_length.rb:14:in `call'
  rack (1.5.5) lib/rack/handler/webrick.rb:60:in `service'
  /home/stoebelj/.rbenv/versions/2.1.6/lib/ruby/2.1.0/webrick/httpserver.rb:138:in `service'
  /home/stoebelj/.rbenv/versions/2.1.6/lib/ruby/2.1.0/webrick/httpserver.rb:94:in `run'
  /home/stoebelj/.rbenv/versions/2.1.6/lib/ruby/2.1.0/webrick/server.rb:295:in `block in start_thread'


I, [2015-11-12T15:06:32.102315 #27280]  INFO -- : Started GET "/javascripts/praxis_results.js" for 127.0.0.1 at 2015-11-12 15:06:32 -0500
F, [2015-11-12T15:06:32.103920 #27280] FATAL -- : 
ActionController::RoutingError (No route matches [GET] "/javascripts/praxis_results.js"):
  actionpack (4.1.10) lib/action_dispatch/middleware/debug_exceptions.rb:21:in `call'
  actionpack (4.1.10) lib/action_dispatch/middleware/show_exceptions.rb:30:in `call'
  railties (4.1.10) lib/rails/rack/logger.rb:38:in `call_app'
  railties (4.1.10) lib/rails/rack/logger.rb:20:in `block in call'
  activesupport (4.1.10) lib/active_support/tagged_logging.rb:68:in `block in tagged'
  activesupport (4.1.10) lib/active_support/tagged_logging.rb:26:in `tagged'
  activesupport (4.1.10) lib/active_support/tagged_logging.rb:68:in `tagged'
  railties (4.1.10) lib/rails/rack/logger.rb:20:in `call'
  actionpack (4.1.10) lib/action_dispatch/middleware/request_id.rb:21:in `call'
  rack (1.5.5) lib/rack/methodoverride.rb:21:in `call'
  rack (1.5.5) lib/rack/runtime.rb:17:in `call'
  activesupport (4.1.10) lib/active_support/cache/strategy/local_cache_middleware.rb:26:in `call'
  rack (1.5.5) lib/rack/sendfile.rb:112:in `call'
  railties (4.1.10) lib/rails/engine.rb:514:in `call'
  railties (4.1.10) lib/rails/application.rb:144:in `call'
  rack (1.5.5) lib/rack/lock.rb:17:in `call'
  rack (1.5.5) lib/rack/content_length.rb:14:in `call'
  rack (1.5.5) lib/rack/handler/webrick.rb:60:in `service'
  /home/stoebelj/.rbenv/versions/2.1.6/lib/ruby/2.1.0/webrick/httpserver.rb:138:in `service'
  /home/stoebelj/.rbenv/versions/2.1.6/lib/ruby/2.1.0/webrick/httpserver.rb:94:in `run'
  /home/stoebelj/.rbenv/versions/2.1.6/lib/ruby/2.1.0/webrick/server.rb:295:in `block in start_thread'


I, [2015-11-12T15:06:32.110746 #27280]  INFO -- : Started GET "/javascripts/application.js" for 127.0.0.1 at 2015-11-12 15:06:32 -0500
F, [2015-11-12T15:06:32.111681 #27280] FATAL -- : 
ActionController::RoutingError (No route matches [GET] "/javascripts/application.js"):
  actionpack (4.1.10) lib/action_dispatch/middleware/debug_exceptions.rb:21:in `call'
  actionpack (4.1.10) lib/action_dispatch/middleware/show_exceptions.rb:30:in `call'
  railties (4.1.10) lib/rails/rack/logger.rb:38:in `call_app'
  railties (4.1.10) lib/rails/rack/logger.rb:20:in `block in call'
  activesupport (4.1.10) lib/active_support/tagged_logging.rb:68:in `block in tagged'
  activesupport (4.1.10) lib/active_support/tagged_logging.rb:26:in `tagged'
  activesupport (4.1.10) lib/active_support/tagged_logging.rb:68:in `tagged'
  railties (4.1.10) lib/rails/rack/logger.rb:20:in `call'
  actionpack (4.1.10) lib/action_dispatch/middleware/request_id.rb:21:in `call'
  rack (1.5.5) lib/rack/methodoverride.rb:21:in `call'
  rack (1.5.5) lib/rack/runtime.rb:17:in `call'
  activesupport (4.1.10) lib/active_support/cache/strategy/local_cache_middleware.rb:26:in `call'
  rack (1.5.5) lib/rack/sendfile.rb:112:in `call'
  railties (4.1.10) lib/rails/engine.rb:514:in `call'
  railties (4.1.10) lib/rails/application.rb:144:in `call'
  rack (1.5.5) lib/rack/lock.rb:17:in `call'
  rack (1.5.5) lib/rack/content_length.rb:14:in `call'
  rack (1.5.5) lib/rack/handler/webrick.rb:60:in `service'
  /home/stoebelj/.rbenv/versions/2.1.6/lib/ruby/2.1.0/webrick/httpserver.rb:138:in `service'
  /home/stoebelj/.rbenv/versions/2.1.6/lib/ruby/2.1.0/webrick/httpserver.rb:94:in `run'
  /home/stoebelj/.rbenv/versions/2.1.6/lib/ruby/2.1.0/webrick/server.rb:295:in `block in start_thread'


I, [2015-11-12T15:06:35.507596 #27280]  INFO -- : Started GET "/adm_tep" for 127.0.0.1 at 2015-11-12 15:06:35 -0500
I, [2015-11-12T15:06:35.514009 #27280]  INFO -- : Processing by AdmTepController#index as HTML
I, [2015-11-12T15:06:35.651592 #27280]  INFO -- :   Rendered application/_term_picker.html.erb (1.6ms)
I, [2015-11-12T15:06:35.785088 #27280]  INFO -- :   Rendered adm_tep/index.html.erb within layouts/application (141.2ms)
I, [2015-11-12T15:06:35.785399 #27280]  INFO -- : Completed 500 Internal Server Error in 271ms (ActiveRecord: 127.7ms)
F, [2015-11-12T15:06:35.787299 #27280] FATAL -- : 
ActiveRecord::RecordNotFound (Couldn't find Program with 'ProgCode'=450215437):
  app/views/adm_tep/index.html.erb:54:in `block in _app_views_adm_tep_index_html_erb__4458223318382779627_69951615659000'
  app/views/adm_tep/index.html.erb:47:in `_app_views_adm_tep_index_html_erb__4458223318382779627_69951615659000'


